Using Spark's default log4j profile: org/apache/spark/log4j-defaults.properties
20/05/01 16:08:02 INFO SparkContext: Running Spark version 1.5.2
20/05/01 16:08:02 WARN NativeCodeLoader: Unable to load native-hadoop library for your platform... using builtin-java classes where applicable
20/05/01 16:08:03 INFO SecurityManager: Changing view acls to: mxv6938
20/05/01 16:08:03 INFO SecurityManager: Changing modify acls to: mxv6938
20/05/01 16:08:03 INFO SecurityManager: SecurityManager: authentication disabled; ui acls disabled; users with view permissions: Set(mxv6938); users with modify permissions: Set(mxv6938)
20/05/01 16:08:03 INFO Slf4jLogger: Slf4jLogger started
20/05/01 16:08:03 INFO Remoting: Starting remoting
20/05/01 16:08:03 INFO Remoting: Remoting started; listening on addresses :[akka.tcp://sparkDriver@198.202.114.22:36634]
20/05/01 16:08:03 INFO Utils: Successfully started service 'sparkDriver' on port 36634.
20/05/01 16:08:03 INFO SparkEnv: Registering MapOutputTracker
20/05/01 16:08:03 INFO SparkEnv: Registering BlockManagerMaster
20/05/01 16:08:03 INFO DiskBlockManager: Created local directory at /tmp/blockmgr-c7d8ee6a-89e0-4b6f-b8e1-c87676963bfc
20/05/01 16:08:03 INFO MemoryStore: MemoryStore started with capacity 530.0 MB
20/05/01 16:08:03 INFO HttpFileServer: HTTP File server directory is /tmp/spark-2a91af1a-f682-495b-a7d2-1db7394ecdb7/httpd-8b98a6c1-aaea-4237-ad76-8a1726566b43
20/05/01 16:08:03 INFO HttpServer: Starting HTTP Server
20/05/01 16:08:04 INFO Utils: Successfully started service 'HTTP file server' on port 38299.
20/05/01 16:08:04 INFO SparkEnv: Registering OutputCommitCoordinator
20/05/01 16:08:04 INFO Utils: Successfully started service 'SparkUI' on port 4040.
20/05/01 16:08:04 INFO SparkUI: Started SparkUI at http://198.202.114.22:4040
20/05/01 16:08:04 INFO SparkContext: Added JAR file:/home/mxv6938/project8/graph.jar at http://198.202.114.22:38299/jars/graph.jar with timestamp 1588374484224
20/05/01 16:08:04 WARN MetricsSystem: Using default name DAGScheduler for source because spark.app.id is not set.
20/05/01 16:08:04 INFO Executor: Starting executor ID driver on host localhost
20/05/01 16:08:04 INFO Utils: Successfully started service 'org.apache.spark.network.netty.NettyBlockTransferService' on port 36117.
20/05/01 16:08:04 INFO NettyBlockTransferService: Server created on 36117
20/05/01 16:08:04 INFO BlockManagerMaster: Trying to register BlockManager
20/05/01 16:08:04 INFO BlockManagerMasterEndpoint: Registering block manager localhost:36117 with 530.0 MB RAM, BlockManagerId(driver, localhost, 36117)
20/05/01 16:08:04 INFO BlockManagerMaster: Registered BlockManager
20/05/01 16:08:04 INFO MemoryStore: ensureFreeSpace(120040) called with curMem=0, maxMem=555755765
20/05/01 16:08:04 INFO MemoryStore: Block broadcast_0 stored as values in memory (estimated size 117.2 KB, free 529.9 MB)
20/05/01 16:08:05 INFO MemoryStore: ensureFreeSpace(12673) called with curMem=120040, maxMem=555755765
20/05/01 16:08:05 INFO MemoryStore: Block broadcast_0_piece0 stored as bytes in memory (estimated size 12.4 KB, free 529.9 MB)
20/05/01 16:08:05 INFO BlockManagerInfo: Added broadcast_0_piece0 in memory on localhost:36117 (size: 12.4 KB, free: 530.0 MB)
20/05/01 16:08:05 INFO SparkContext: Created broadcast 0 from textFile at Graph.scala:14
20/05/01 16:08:05 INFO FileInputFormat: Total input paths to process : 1
20/05/01 16:08:05 INFO SparkContext: Starting job: reduce at VertexRDDImpl.scala:90
20/05/01 16:08:05 INFO DAGScheduler: Registering RDD 8 (mapPartitions at VertexRDD.scala:358)
20/05/01 16:08:05 INFO DAGScheduler: Registering RDD 22 (mapPartitions at VertexRDDImpl.scala:247)
20/05/01 16:08:05 INFO MapOutputTrackerMaster: Size of output statuses for shuffle 2 is 84 bytes
20/05/01 16:08:05 INFO DAGScheduler: Registering RDD 26 (mapPartitions at VertexRDDImpl.scala:247)
20/05/01 16:08:05 INFO DAGScheduler: Registering RDD 30 (mapPartitions at GraphImpl.scala:235)
20/05/01 16:08:05 INFO DAGScheduler: Got job 0 (reduce at VertexRDDImpl.scala:90) with 1 output partitions
20/05/01 16:08:05 INFO DAGScheduler: Final stage: ResultStage 5(reduce at VertexRDDImpl.scala:90)
20/05/01 16:08:05 INFO DAGScheduler: Parents of final stage: List(ShuffleMapStage 2, ShuffleMapStage 4)
20/05/01 16:08:05 INFO DAGScheduler: Missing parents: List(ShuffleMapStage 2, ShuffleMapStage 4)
20/05/01 16:08:05 INFO DAGScheduler: Submitting ShuffleMapStage 2 (VertexRDD.createRoutingTables - vid2pid (aggregation) MapPartitionsRDD[8] at mapPartitions at VertexRDD.scala:358), which has no missing parents
20/05/01 16:08:05 INFO MemoryStore: ensureFreeSpace(4648) called with curMem=132713, maxMem=555755765
20/05/01 16:08:05 INFO MemoryStore: Block broadcast_1 stored as values in memory (estimated size 4.5 KB, free 529.9 MB)
20/05/01 16:08:05 INFO MemoryStore: ensureFreeSpace(2516) called with curMem=137361, maxMem=555755765
20/05/01 16:08:05 INFO MemoryStore: Block broadcast_1_piece0 stored as bytes in memory (estimated size 2.5 KB, free 529.9 MB)
20/05/01 16:08:05 INFO BlockManagerInfo: Added broadcast_1_piece0 in memory on localhost:36117 (size: 2.5 KB, free: 530.0 MB)
20/05/01 16:08:05 INFO SparkContext: Created broadcast 1 from broadcast at DAGScheduler.scala:861
20/05/01 16:08:05 INFO DAGScheduler: Submitting 1 missing tasks from ShuffleMapStage 2 (VertexRDD.createRoutingTables - vid2pid (aggregation) MapPartitionsRDD[8] at mapPartitions at VertexRDD.scala:358)
20/05/01 16:08:05 INFO TaskSchedulerImpl: Adding task set 2.0 with 1 tasks
20/05/01 16:08:05 INFO TaskSetManager: Starting task 0.0 in stage 2.0 (TID 0, localhost, PROCESS_LOCAL, 2193 bytes)
20/05/01 16:08:05 INFO Executor: Running task 0.0 in stage 2.0 (TID 0)
20/05/01 16:08:05 INFO Executor: Fetching http://198.202.114.22:38299/jars/graph.jar with timestamp 1588374484224
20/05/01 16:08:05 INFO Utils: Fetching http://198.202.114.22:38299/jars/graph.jar to /tmp/spark-2a91af1a-f682-495b-a7d2-1db7394ecdb7/userFiles-29cba674-4988-40a6-bb9b-6ca1f8f6528e/fetchFileTemp7929332568705430148.tmp
20/05/01 16:08:05 INFO Executor: Adding file:/tmp/spark-2a91af1a-f682-495b-a7d2-1db7394ecdb7/userFiles-29cba674-4988-40a6-bb9b-6ca1f8f6528e/graph.jar to class loader
20/05/01 16:08:05 INFO CacheManager: Partition rdd_5_0 not found, computing it
20/05/01 16:08:05 INFO HadoopRDD: Input split: file:/home/mxv6938/project8/small-graph.txt:0+56
20/05/01 16:08:05 INFO deprecation: mapred.tip.id is deprecated. Instead, use mapreduce.task.id
20/05/01 16:08:05 INFO deprecation: mapred.task.id is deprecated. Instead, use mapreduce.task.attempt.id
20/05/01 16:08:05 INFO deprecation: mapred.task.is.map is deprecated. Instead, use mapreduce.task.ismap
20/05/01 16:08:05 INFO deprecation: mapred.task.partition is deprecated. Instead, use mapreduce.task.partition
20/05/01 16:08:05 INFO deprecation: mapred.job.id is deprecated. Instead, use mapreduce.job.id
20/05/01 16:08:05 INFO MemoryStore: ensureFreeSpace(2800) called with curMem=139877, maxMem=555755765
20/05/01 16:08:05 INFO MemoryStore: Block rdd_5_0 stored as values in memory (estimated size 2.7 KB, free 529.9 MB)
20/05/01 16:08:05 INFO BlockManagerInfo: Added rdd_5_0 in memory on localhost:36117 (size: 2.7 KB, free: 530.0 MB)
20/05/01 16:08:05 INFO Executor: Finished task 0.0 in stage 2.0 (TID 0). 2833 bytes result sent to driver
20/05/01 16:08:05 INFO TaskSetManager: Finished task 0.0 in stage 2.0 (TID 0) in 267 ms on localhost (1/1)
20/05/01 16:08:05 INFO DAGScheduler: ShuffleMapStage 2 (mapPartitions at VertexRDD.scala:358) finished in 0.279 s
20/05/01 16:08:05 INFO DAGScheduler: looking for newly runnable stages
20/05/01 16:08:05 INFO DAGScheduler: running: Set()
20/05/01 16:08:05 INFO DAGScheduler: waiting: Set(ShuffleMapStage 1, ResultStage 5, ShuffleMapStage 3, ShuffleMapStage 4)
20/05/01 16:08:05 INFO DAGScheduler: failed: Set()
20/05/01 16:08:05 INFO DAGScheduler: Missing parents for ShuffleMapStage 1: List()
20/05/01 16:08:05 INFO DAGScheduler: Missing parents for ResultStage 5: List(ShuffleMapStage 4)
20/05/01 16:08:05 INFO DAGScheduler: Missing parents for ShuffleMapStage 3: List()
20/05/01 16:08:05 INFO DAGScheduler: Missing parents for ShuffleMapStage 4: List(ShuffleMapStage 1, ShuffleMapStage 3)
20/05/01 16:08:05 INFO DAGScheduler: Submitting ShuffleMapStage 1 (ReplicatedVertexView.updateVertices - shippedVerts false false (broadcast) MapPartitionsRDD[22] at mapPartitions at VertexRDDImpl.scala:247), which is now runnable
20/05/01 16:08:05 INFO TaskSchedulerImpl: Removed TaskSet 2.0, whose tasks have all completed, from pool 
20/05/01 16:08:05 INFO MemoryStore: ensureFreeSpace(5128) called with curMem=142677, maxMem=555755765
20/05/01 16:08:05 INFO MemoryStore: Block broadcast_2 stored as values in memory (estimated size 5.0 KB, free 529.9 MB)
20/05/01 16:08:05 INFO MemoryStore: ensureFreeSpace(2691) called with curMem=147805, maxMem=555755765
20/05/01 16:08:05 INFO MemoryStore: Block broadcast_2_piece0 stored as bytes in memory (estimated size 2.6 KB, free 529.9 MB)
20/05/01 16:08:05 INFO BlockManagerInfo: Added broadcast_2_piece0 in memory on localhost:36117 (size: 2.6 KB, free: 530.0 MB)
20/05/01 16:08:05 INFO SparkContext: Created broadcast 2 from broadcast at DAGScheduler.scala:861
20/05/01 16:08:05 INFO DAGScheduler: Submitting 1 missing tasks from ShuffleMapStage 1 (ReplicatedVertexView.updateVertices - shippedVerts false false (broadcast) MapPartitionsRDD[22] at mapPartitions at VertexRDDImpl.scala:247)
20/05/01 16:08:05 INFO TaskSchedulerImpl: Adding task set 1.0 with 1 tasks
20/05/01 16:08:05 INFO TaskSetManager: Starting task 0.0 in stage 1.0 (TID 1, localhost, PROCESS_LOCAL, 2116 bytes)
20/05/01 16:08:05 INFO DAGScheduler: Submitting ShuffleMapStage 3 (ReplicatedVertexView.upgrade(true, true) - shippedVerts true true (broadcast) MapPartitionsRDD[26] at mapPartitions at VertexRDDImpl.scala:247), which is now runnable
20/05/01 16:08:05 INFO MemoryStore: ensureFreeSpace(4512) called with curMem=150496, maxMem=555755765
20/05/01 16:08:05 INFO MemoryStore: Block broadcast_3 stored as values in memory (estimated size 4.4 KB, free 529.9 MB)
20/05/01 16:08:05 INFO Executor: Running task 0.0 in stage 1.0 (TID 1)
20/05/01 16:08:05 INFO CacheManager: Partition rdd_14_0 not found, computing it
20/05/01 16:08:05 INFO MemoryStore: ensureFreeSpace(2428) called with curMem=155008, maxMem=555755765
20/05/01 16:08:05 INFO MemoryStore: Block broadcast_3_piece0 stored as bytes in memory (estimated size 2.4 KB, free 529.9 MB)
20/05/01 16:08:05 INFO BlockManagerInfo: Added broadcast_3_piece0 in memory on localhost:36117 (size: 2.4 KB, free: 530.0 MB)
20/05/01 16:08:05 INFO SparkContext: Created broadcast 3 from broadcast at DAGScheduler.scala:861
20/05/01 16:08:05 INFO DAGScheduler: Submitting 1 missing tasks from ShuffleMapStage 3 (ReplicatedVertexView.upgrade(true, true) - shippedVerts true true (broadcast) MapPartitionsRDD[26] at mapPartitions at VertexRDDImpl.scala:247)
20/05/01 16:08:05 INFO TaskSchedulerImpl: Adding task set 3.0 with 1 tasks
20/05/01 16:08:05 INFO ShuffleBlockFetcherIterator: Getting 1 non-empty blocks out of 1 blocks
20/05/01 16:08:05 INFO ShuffleBlockFetcherIterator: Started 0 remote fetches in 4 ms
20/05/01 16:08:05 INFO MemoryStore: ensureFreeSpace(1576) called with curMem=157436, maxMem=555755765
20/05/01 16:08:05 INFO MemoryStore: Block rdd_14_0 stored as values in memory (estimated size 1576.0 B, free 529.9 MB)
20/05/01 16:08:05 INFO BlockManagerInfo: Added rdd_14_0 in memory on localhost:36117 (size: 1576.0 B, free: 530.0 MB)
20/05/01 16:08:05 INFO CacheManager: Partition rdd_18_0 not found, computing it
20/05/01 16:08:05 INFO BlockManager: Found block rdd_14_0 locally
20/05/01 16:08:05 INFO MemoryStore: ensureFreeSpace(1576) called with curMem=159012, maxMem=555755765
20/05/01 16:08:05 INFO MemoryStore: Block rdd_18_0 stored as values in memory (estimated size 1576.0 B, free 529.9 MB)
20/05/01 16:08:05 INFO BlockManagerInfo: Added rdd_18_0 in memory on localhost:36117 (size: 1576.0 B, free: 530.0 MB)
20/05/01 16:08:05 INFO Executor: Finished task 0.0 in stage 1.0 (TID 1). 3104 bytes result sent to driver
20/05/01 16:08:05 INFO TaskSetManager: Starting task 0.0 in stage 3.0 (TID 2, localhost, PROCESS_LOCAL, 1942 bytes)
20/05/01 16:08:05 INFO Executor: Running task 0.0 in stage 3.0 (TID 2)
20/05/01 16:08:05 INFO DAGScheduler: ShuffleMapStage 1 (mapPartitions at VertexRDDImpl.scala:247) finished in 0.068 s
20/05/01 16:08:05 INFO DAGScheduler: looking for newly runnable stages
20/05/01 16:08:05 INFO DAGScheduler: running: Set(ShuffleMapStage 3)
20/05/01 16:08:05 INFO DAGScheduler: waiting: Set(ResultStage 5, ShuffleMapStage 4)
20/05/01 16:08:05 INFO DAGScheduler: failed: Set()
20/05/01 16:08:05 INFO BlockManager: Found block rdd_18_0 locally
20/05/01 16:08:05 INFO Executor: Finished task 0.0 in stage 3.0 (TID 2). 2253 bytes result sent to driver
20/05/01 16:08:05 INFO DAGScheduler: Missing parents for ResultStage 5: List(ShuffleMapStage 4)
20/05/01 16:08:05 INFO DAGScheduler: Missing parents for ShuffleMapStage 4: List(ShuffleMapStage 3)
20/05/01 16:08:05 INFO TaskSetManager: Finished task 0.0 in stage 1.0 (TID 1) in 69 ms on localhost (1/1)
20/05/01 16:08:05 INFO TaskSchedulerImpl: Removed TaskSet 1.0, whose tasks have all completed, from pool 
20/05/01 16:08:05 INFO DAGScheduler: ShuffleMapStage 3 (mapPartitions at VertexRDDImpl.scala:247) finished in 0.059 s
20/05/01 16:08:05 INFO DAGScheduler: looking for newly runnable stages
20/05/01 16:08:05 INFO DAGScheduler: running: Set()
20/05/01 16:08:05 INFO DAGScheduler: waiting: Set(ResultStage 5, ShuffleMapStage 4)
20/05/01 16:08:05 INFO DAGScheduler: failed: Set()
20/05/01 16:08:05 INFO DAGScheduler: Missing parents for ResultStage 5: List(ShuffleMapStage 4)
20/05/01 16:08:05 INFO DAGScheduler: Missing parents for ShuffleMapStage 4: List()
20/05/01 16:08:05 INFO DAGScheduler: Submitting ShuffleMapStage 4 (GraphImpl.aggregateMessages - preAgg MapPartitionsRDD[30] at mapPartitions at GraphImpl.scala:235), which is now runnable
20/05/01 16:08:05 INFO MemoryStore: ensureFreeSpace(6696) called with curMem=160588, maxMem=555755765
20/05/01 16:08:05 INFO MemoryStore: Block broadcast_4 stored as values in memory (estimated size 6.5 KB, free 529.9 MB)
20/05/01 16:08:05 INFO MemoryStore: ensureFreeSpace(3353) called with curMem=167284, maxMem=555755765
20/05/01 16:08:05 INFO MemoryStore: Block broadcast_4_piece0 stored as bytes in memory (estimated size 3.3 KB, free 529.8 MB)
20/05/01 16:08:05 INFO TaskSetManager: Finished task 0.0 in stage 3.0 (TID 2) in 16 ms on localhost (1/1)
20/05/01 16:08:05 INFO TaskSchedulerImpl: Removed TaskSet 3.0, whose tasks have all completed, from pool 
20/05/01 16:08:05 INFO BlockManagerInfo: Added broadcast_4_piece0 in memory on localhost:36117 (size: 3.3 KB, free: 530.0 MB)
20/05/01 16:08:05 INFO SparkContext: Created broadcast 4 from broadcast at DAGScheduler.scala:861
20/05/01 16:08:05 INFO DAGScheduler: Submitting 1 missing tasks from ShuffleMapStage 4 (GraphImpl.aggregateMessages - preAgg MapPartitionsRDD[30] at mapPartitions at GraphImpl.scala:235)
20/05/01 16:08:05 INFO TaskSchedulerImpl: Adding task set 4.0 with 1 tasks
20/05/01 16:08:05 INFO TaskSetManager: Starting task 0.0 in stage 4.0 (TID 3, localhost, PROCESS_LOCAL, 2483 bytes)
20/05/01 16:08:05 INFO Executor: Running task 0.0 in stage 4.0 (TID 3)
20/05/01 16:08:05 INFO CacheManager: Partition rdd_24_0 not found, computing it
20/05/01 16:08:05 INFO CacheManager: Partition rdd_16_0 not found, computing it
20/05/01 16:08:05 INFO BlockManager: Found block rdd_5_0 locally
20/05/01 16:08:05 INFO MemoryStore: ensureFreeSpace(2824) called with curMem=170637, maxMem=555755765
20/05/01 16:08:05 INFO MemoryStore: Block rdd_16_0 stored as values in memory (estimated size 2.8 KB, free 529.8 MB)
20/05/01 16:08:05 INFO BlockManagerInfo: Added rdd_16_0 in memory on localhost:36117 (size: 2.8 KB, free: 530.0 MB)
20/05/01 16:08:05 INFO ShuffleBlockFetcherIterator: Getting 1 non-empty blocks out of 1 blocks
20/05/01 16:08:05 INFO ShuffleBlockFetcherIterator: Started 0 remote fetches in 0 ms
20/05/01 16:08:05 INFO MemoryStore: ensureFreeSpace(2824) called with curMem=173461, maxMem=555755765
20/05/01 16:08:05 INFO MemoryStore: Block rdd_24_0 stored as values in memory (estimated size 2.8 KB, free 529.8 MB)
20/05/01 16:08:05 INFO BlockManagerInfo: Added rdd_24_0 in memory on localhost:36117 (size: 2.8 KB, free: 530.0 MB)
20/05/01 16:08:05 INFO ShuffleBlockFetcherIterator: Getting 1 non-empty blocks out of 1 blocks
20/05/01 16:08:05 INFO ShuffleBlockFetcherIterator: Started 0 remote fetches in 0 ms
20/05/01 16:08:05 INFO Executor: Finished task 0.0 in stage 4.0 (TID 3). 3104 bytes result sent to driver
20/05/01 16:08:05 INFO TaskSetManager: Finished task 0.0 in stage 4.0 (TID 3) in 31 ms on localhost (1/1)
20/05/01 16:08:05 INFO DAGScheduler: ShuffleMapStage 4 (mapPartitions at GraphImpl.scala:235) finished in 0.029 s
20/05/01 16:08:05 INFO DAGScheduler: looking for newly runnable stages
20/05/01 16:08:05 INFO DAGScheduler: running: Set()
20/05/01 16:08:05 INFO DAGScheduler: waiting: Set(ResultStage 5)
20/05/01 16:08:05 INFO DAGScheduler: failed: Set()
20/05/01 16:08:05 INFO DAGScheduler: Missing parents for ResultStage 5: List()
20/05/01 16:08:05 INFO DAGScheduler: Submitting ResultStage 5 (MapPartitionsRDD[34] at map at VertexRDDImpl.scala:90), which is now runnable
20/05/01 16:08:05 INFO TaskSchedulerImpl: Removed TaskSet 4.0, whose tasks have all completed, from pool 
20/05/01 16:08:05 INFO MemoryStore: ensureFreeSpace(5560) called with curMem=176285, maxMem=555755765
20/05/01 16:08:05 INFO MemoryStore: Block broadcast_5 stored as values in memory (estimated size 5.4 KB, free 529.8 MB)
20/05/01 16:08:05 INFO MemoryStore: ensureFreeSpace(2800) called with curMem=181845, maxMem=555755765
20/05/01 16:08:05 INFO MemoryStore: Block broadcast_5_piece0 stored as bytes in memory (estimated size 2.7 KB, free 529.8 MB)
20/05/01 16:08:05 INFO BlockManagerInfo: Added broadcast_5_piece0 in memory on localhost:36117 (size: 2.7 KB, free: 530.0 MB)
20/05/01 16:08:05 INFO SparkContext: Created broadcast 5 from broadcast at DAGScheduler.scala:861
20/05/01 16:08:05 INFO DAGScheduler: Submitting 1 missing tasks from ResultStage 5 (MapPartitionsRDD[34] at map at VertexRDDImpl.scala:90)
20/05/01 16:08:05 INFO TaskSchedulerImpl: Adding task set 5.0 with 1 tasks
20/05/01 16:08:05 INFO TaskSetManager: Starting task 0.0 in stage 5.0 (TID 4, localhost, PROCESS_LOCAL, 2136 bytes)
20/05/01 16:08:05 INFO Executor: Running task 0.0 in stage 5.0 (TID 4)
20/05/01 16:08:05 INFO BlockManager: Found block rdd_18_0 locally
20/05/01 16:08:05 INFO ShuffleBlockFetcherIterator: Getting 1 non-empty blocks out of 1 blocks
20/05/01 16:08:05 INFO ShuffleBlockFetcherIterator: Started 0 remote fetches in 0 ms
20/05/01 16:08:05 INFO Executor: Finished task 0.0 in stage 5.0 (TID 4). 2377 bytes result sent to driver
20/05/01 16:08:05 INFO TaskSetManager: Finished task 0.0 in stage 5.0 (TID 4) in 13 ms on localhost (1/1)
20/05/01 16:08:05 INFO TaskSchedulerImpl: Removed TaskSet 5.0, whose tasks have all completed, from pool 
20/05/01 16:08:05 INFO DAGScheduler: ResultStage 5 (reduce at VertexRDDImpl.scala:90) finished in 0.000 s
20/05/01 16:08:05 INFO DAGScheduler: Job 0 finished: reduce at VertexRDDImpl.scala:90, took 0.615091 s
20/05/01 16:08:05 INFO SparkContext: Starting job: reduce at VertexRDDImpl.scala:90
20/05/01 16:08:05 INFO MapOutputTrackerMaster: Size of output statuses for shuffle 2 is 142 bytes
20/05/01 16:08:05 INFO MapOutputTrackerMaster: Size of output statuses for shuffle 3 is 142 bytes
20/05/01 16:08:05 INFO MapOutputTrackerMaster: Size of output statuses for shuffle 1 is 142 bytes
20/05/01 16:08:05 INFO MapOutputTrackerMaster: Size of output statuses for shuffle 0 is 142 bytes
20/05/01 16:08:05 INFO DAGScheduler: Registering RDD 39 (mapPartitions at VertexRDDImpl.scala:247)
20/05/01 16:08:05 INFO DAGScheduler: Registering RDD 43 (mapPartitions at VertexRDDImpl.scala:251)
20/05/01 16:08:06 INFO DAGScheduler: Registering RDD 47 (mapPartitions at GraphImpl.scala:235)
20/05/01 16:08:06 INFO DAGScheduler: Got job 1 (reduce at VertexRDDImpl.scala:90) with 1 output partitions
20/05/01 16:08:06 INFO DAGScheduler: Final stage: ResultStage 18(reduce at VertexRDDImpl.scala:90)
20/05/01 16:08:06 INFO DAGScheduler: Parents of final stage: List(ShuffleMapStage 15, ShuffleMapStage 13, ShuffleMapStage 17)
20/05/01 16:08:06 INFO DAGScheduler: Missing parents: List(ShuffleMapStage 17)
20/05/01 16:08:06 INFO DAGScheduler: Submitting ShuffleMapStage 11 (ReplicatedVertexView.updateVertices - shippedVerts true true (broadcast) MapPartitionsRDD[39] at mapPartitions at VertexRDDImpl.scala:247), which has no missing parents
20/05/01 16:08:06 INFO MemoryStore: ensureFreeSpace(5848) called with curMem=184645, maxMem=555755765
20/05/01 16:08:06 INFO MemoryStore: Block broadcast_6 stored as values in memory (estimated size 5.7 KB, free 529.8 MB)
20/05/01 16:08:06 INFO MemoryStore: ensureFreeSpace(2903) called with curMem=190493, maxMem=555755765
20/05/01 16:08:06 INFO MemoryStore: Block broadcast_6_piece0 stored as bytes in memory (estimated size 2.8 KB, free 529.8 MB)
20/05/01 16:08:06 INFO BlockManagerInfo: Added broadcast_6_piece0 in memory on localhost:36117 (size: 2.8 KB, free: 530.0 MB)
20/05/01 16:08:06 INFO SparkContext: Created broadcast 6 from broadcast at DAGScheduler.scala:861
20/05/01 16:08:06 INFO DAGScheduler: Submitting 1 missing tasks from ShuffleMapStage 11 (ReplicatedVertexView.updateVertices - shippedVerts true true (broadcast) MapPartitionsRDD[39] at mapPartitions at VertexRDDImpl.scala:247)
20/05/01 16:08:06 INFO TaskSchedulerImpl: Adding task set 11.0 with 1 tasks
20/05/01 16:08:06 INFO TaskSetManager: Starting task 0.0 in stage 11.0 (TID 5, localhost, PROCESS_LOCAL, 2189 bytes)
20/05/01 16:08:06 INFO Executor: Running task 0.0 in stage 11.0 (TID 5)
20/05/01 16:08:06 INFO BlockManager: Found block rdd_18_0 locally
20/05/01 16:08:06 INFO CacheManager: Partition rdd_35_0 not found, computing it
20/05/01 16:08:06 INFO BlockManager: Found block rdd_18_0 locally
20/05/01 16:08:06 INFO BlockManager: Found block rdd_18_0 locally
20/05/01 16:08:06 INFO ShuffleBlockFetcherIterator: Getting 1 non-empty blocks out of 1 blocks
20/05/01 16:08:06 INFO ShuffleBlockFetcherIterator: Started 0 remote fetches in 0 ms
20/05/01 16:08:06 INFO MemoryStore: ensureFreeSpace(1576) called with curMem=193396, maxMem=555755765
20/05/01 16:08:06 INFO MemoryStore: Block rdd_35_0 stored as values in memory (estimated size 1576.0 B, free 529.8 MB)
20/05/01 16:08:06 INFO BlockManagerInfo: Added rdd_35_0 in memory on localhost:36117 (size: 1576.0 B, free: 530.0 MB)
20/05/01 16:08:06 INFO Executor: Finished task 0.0 in stage 11.0 (TID 5). 3049 bytes result sent to driver
20/05/01 16:08:06 INFO DAGScheduler: Submitting ShuffleMapStage 16 (ReplicatedVertexView.withActiveSet - shippedActives (broadcast) MapPartitionsRDD[43] at mapPartitions at VertexRDDImpl.scala:251), which has no missing parents
20/05/01 16:08:06 INFO MemoryStore: ensureFreeSpace(5304) called with curMem=194972, maxMem=555755765
20/05/01 16:08:06 INFO TaskSetManager: Finished task 0.0 in stage 11.0 (TID 5) in 11 ms on localhost (1/1)
20/05/01 16:08:06 INFO TaskSchedulerImpl: Removed TaskSet 11.0, whose tasks have all completed, from pool 
20/05/01 16:08:06 INFO MemoryStore: Block broadcast_7 stored as values in memory (estimated size 5.2 KB, free 529.8 MB)
20/05/01 16:08:06 INFO MemoryStore: ensureFreeSpace(2713) called with curMem=200276, maxMem=555755765
20/05/01 16:08:06 INFO MemoryStore: Block broadcast_7_piece0 stored as bytes in memory (estimated size 2.6 KB, free 529.8 MB)
20/05/01 16:08:06 INFO BlockManagerInfo: Added broadcast_7_piece0 in memory on localhost:36117 (size: 2.6 KB, free: 530.0 MB)
20/05/01 16:08:06 INFO SparkContext: Created broadcast 7 from broadcast at DAGScheduler.scala:861
20/05/01 16:08:06 INFO DAGScheduler: Submitting 1 missing tasks from ShuffleMapStage 16 (ReplicatedVertexView.withActiveSet - shippedActives (broadcast) MapPartitionsRDD[43] at mapPartitions at VertexRDDImpl.scala:251)
20/05/01 16:08:06 INFO TaskSchedulerImpl: Adding task set 16.0 with 1 tasks
20/05/01 16:08:06 INFO TaskSetManager: Starting task 0.0 in stage 16.0 (TID 6, localhost, PROCESS_LOCAL, 2125 bytes)
20/05/01 16:08:06 INFO Executor: Running task 0.0 in stage 16.0 (TID 6)
20/05/01 16:08:06 INFO BlockManager: Found block rdd_18_0 locally
20/05/01 16:08:06 INFO ShuffleBlockFetcherIterator: Getting 1 non-empty blocks out of 1 blocks
20/05/01 16:08:06 INFO ShuffleBlockFetcherIterator: Started 0 remote fetches in 0 ms
20/05/01 16:08:06 INFO Executor: Finished task 0.0 in stage 16.0 (TID 6). 2469 bytes result sent to driver
20/05/01 16:08:06 INFO TaskSetManager: Finished task 0.0 in stage 16.0 (TID 6) in 9 ms on localhost (1/1)
20/05/01 16:08:06 INFO TaskSchedulerImpl: Removed TaskSet 16.0, whose tasks have all completed, from pool 
20/05/01 16:08:06 INFO DAGScheduler: ShuffleMapStage 11 (mapPartitions at VertexRDDImpl.scala:247) finished in 0.026 s
20/05/01 16:08:06 INFO DAGScheduler: looking for newly runnable stages
20/05/01 16:08:06 INFO DAGScheduler: running: Set(ShuffleMapStage 16)
20/05/01 16:08:06 INFO DAGScheduler: waiting: Set(ShuffleMapStage 17, ResultStage 18)
20/05/01 16:08:06 INFO DAGScheduler: failed: Set()
20/05/01 16:08:06 INFO DAGScheduler: Missing parents for ShuffleMapStage 17: List(ShuffleMapStage 16)
20/05/01 16:08:06 INFO DAGScheduler: Missing parents for ResultStage 18: List(ShuffleMapStage 17)
20/05/01 16:08:06 INFO DAGScheduler: ShuffleMapStage 16 (mapPartitions at VertexRDDImpl.scala:251) finished in 0.006 s
20/05/01 16:08:06 INFO DAGScheduler: looking for newly runnable stages
20/05/01 16:08:06 INFO DAGScheduler: running: Set()
20/05/01 16:08:06 INFO DAGScheduler: waiting: Set(ShuffleMapStage 17, ResultStage 18)
20/05/01 16:08:06 INFO DAGScheduler: failed: Set()
20/05/01 16:08:06 INFO DAGScheduler: Missing parents for ShuffleMapStage 17: List()
20/05/01 16:08:06 INFO DAGScheduler: Missing parents for ResultStage 18: List(ShuffleMapStage 17)
20/05/01 16:08:06 INFO DAGScheduler: Submitting ShuffleMapStage 17 (GraphImpl.aggregateMessages - preAgg MapPartitionsRDD[47] at mapPartitions at GraphImpl.scala:235), which is now runnable
20/05/01 16:08:06 INFO MemoryStore: ensureFreeSpace(7304) called with curMem=202989, maxMem=555755765
20/05/01 16:08:06 INFO MemoryStore: Block broadcast_8 stored as values in memory (estimated size 7.1 KB, free 529.8 MB)
20/05/01 16:08:06 INFO MemoryStore: ensureFreeSpace(3555) called with curMem=210293, maxMem=555755765
20/05/01 16:08:06 INFO MemoryStore: Block broadcast_8_piece0 stored as bytes in memory (estimated size 3.5 KB, free 529.8 MB)
20/05/01 16:08:06 INFO BlockManagerInfo: Added broadcast_8_piece0 in memory on localhost:36117 (size: 3.5 KB, free: 530.0 MB)
20/05/01 16:08:06 INFO SparkContext: Created broadcast 8 from broadcast at DAGScheduler.scala:861
20/05/01 16:08:06 INFO DAGScheduler: Submitting 1 missing tasks from ShuffleMapStage 17 (GraphImpl.aggregateMessages - preAgg MapPartitionsRDD[47] at mapPartitions at GraphImpl.scala:235)
20/05/01 16:08:06 INFO TaskSchedulerImpl: Adding task set 17.0 with 1 tasks
20/05/01 16:08:06 INFO TaskSetManager: Starting task 0.0 in stage 17.0 (TID 7, localhost, PROCESS_LOCAL, 2565 bytes)
20/05/01 16:08:06 INFO Executor: Running task 0.0 in stage 17.0 (TID 7)
20/05/01 16:08:06 INFO CacheManager: Partition rdd_41_0 not found, computing it
20/05/01 16:08:06 INFO BlockManager: Found block rdd_24_0 locally
20/05/01 16:08:06 INFO ShuffleBlockFetcherIterator: Getting 1 non-empty blocks out of 1 blocks
20/05/01 16:08:06 INFO ShuffleBlockFetcherIterator: Started 0 remote fetches in 0 ms
20/05/01 16:08:06 INFO ShuffleBlockFetcherIterator: Getting 1 non-empty blocks out of 1 blocks
20/05/01 16:08:06 INFO ShuffleBlockFetcherIterator: Started 0 remote fetches in 1 ms
20/05/01 16:08:06 INFO MemoryStore: ensureFreeSpace(2824) called with curMem=213848, maxMem=555755765
20/05/01 16:08:06 INFO MemoryStore: Block rdd_41_0 stored as values in memory (estimated size 2.8 KB, free 529.8 MB)
20/05/01 16:08:06 INFO BlockManagerInfo: Added rdd_41_0 in memory on localhost:36117 (size: 2.8 KB, free: 530.0 MB)
20/05/01 16:08:06 INFO ShuffleBlockFetcherIterator: Getting 1 non-empty blocks out of 1 blocks
20/05/01 16:08:06 INFO ShuffleBlockFetcherIterator: Started 0 remote fetches in 0 ms
20/05/01 16:08:06 INFO Executor: Finished task 0.0 in stage 17.0 (TID 7). 3049 bytes result sent to driver
20/05/01 16:08:06 INFO TaskSetManager: Finished task 0.0 in stage 17.0 (TID 7) in 14 ms on localhost (1/1)
20/05/01 16:08:06 INFO TaskSchedulerImpl: Removed TaskSet 17.0, whose tasks have all completed, from pool 
20/05/01 16:08:06 INFO DAGScheduler: ShuffleMapStage 17 (mapPartitions at GraphImpl.scala:235) finished in 0.007 s
20/05/01 16:08:06 INFO DAGScheduler: looking for newly runnable stages
20/05/01 16:08:06 INFO DAGScheduler: running: Set()
20/05/01 16:08:06 INFO DAGScheduler: waiting: Set(ResultStage 18)
20/05/01 16:08:06 INFO DAGScheduler: failed: Set()
20/05/01 16:08:06 INFO DAGScheduler: Missing parents for ResultStage 18: List()
20/05/01 16:08:06 INFO DAGScheduler: Submitting ResultStage 18 (MapPartitionsRDD[51] at map at VertexRDDImpl.scala:90), which is now runnable
20/05/01 16:08:06 INFO MemoryStore: ensureFreeSpace(6176) called with curMem=216672, maxMem=555755765
20/05/01 16:08:06 INFO MemoryStore: Block broadcast_9 stored as values in memory (estimated size 6.0 KB, free 529.8 MB)
20/05/01 16:08:06 INFO MemoryStore: ensureFreeSpace(2997) called with curMem=222848, maxMem=555755765
20/05/01 16:08:06 INFO MemoryStore: Block broadcast_9_piece0 stored as bytes in memory (estimated size 2.9 KB, free 529.8 MB)
20/05/01 16:08:06 INFO BlockManagerInfo: Added broadcast_9_piece0 in memory on localhost:36117 (size: 2.9 KB, free: 530.0 MB)
20/05/01 16:08:06 INFO SparkContext: Created broadcast 9 from broadcast at DAGScheduler.scala:861
20/05/01 16:08:06 INFO DAGScheduler: Submitting 1 missing tasks from ResultStage 18 (MapPartitionsRDD[51] at map at VertexRDDImpl.scala:90)
20/05/01 16:08:06 INFO TaskSchedulerImpl: Adding task set 18.0 with 1 tasks
20/05/01 16:08:06 INFO TaskSetManager: Starting task 0.0 in stage 18.0 (TID 8, localhost, PROCESS_LOCAL, 2209 bytes)
20/05/01 16:08:06 INFO Executor: Running task 0.0 in stage 18.0 (TID 8)
20/05/01 16:08:06 INFO CacheManager: Partition rdd_49_0 not found, computing it
20/05/01 16:08:06 INFO BlockManager: Found block rdd_35_0 locally
20/05/01 16:08:06 INFO ShuffleBlockFetcherIterator: Getting 1 non-empty blocks out of 1 blocks
20/05/01 16:08:06 INFO ShuffleBlockFetcherIterator: Started 0 remote fetches in 0 ms
20/05/01 16:08:06 INFO MemoryStore: ensureFreeSpace(1624) called with curMem=225845, maxMem=555755765
20/05/01 16:08:06 INFO MemoryStore: Block rdd_49_0 stored as values in memory (estimated size 1624.0 B, free 529.8 MB)
20/05/01 16:08:06 INFO BlockManagerInfo: Added rdd_49_0 in memory on localhost:36117 (size: 1624.0 B, free: 530.0 MB)
20/05/01 16:08:06 INFO Executor: Finished task 0.0 in stage 18.0 (TID 8). 2957 bytes result sent to driver
20/05/01 16:08:06 INFO TaskSetManager: Finished task 0.0 in stage 18.0 (TID 8) in 8 ms on localhost (1/1)
20/05/01 16:08:06 INFO TaskSchedulerImpl: Removed TaskSet 18.0, whose tasks have all completed, from pool 
20/05/01 16:08:06 INFO DAGScheduler: ResultStage 18 (reduce at VertexRDDImpl.scala:90) finished in 0.001 s
20/05/01 16:08:06 INFO DAGScheduler: Job 1 finished: reduce at VertexRDDImpl.scala:90, took 0.108486 s
20/05/01 16:08:06 INFO Pregel: Pregel finished iteration 0
20/05/01 16:08:06 INFO ZippedPartitionsRDD2: Removing RDD 32 from persistence list
20/05/01 16:08:06 INFO MapPartitionsRDD: Removing RDD 18 from persistence list
20/05/01 16:08:06 INFO BlockManager: Removing RDD 32
20/05/01 16:08:06 INFO ZippedPartitionsRDD2: Removing RDD 24 from persistence list
20/05/01 16:08:06 INFO BlockManager: Removing RDD 24
20/05/01 16:08:06 INFO SparkContext: Starting job: reduce at VertexRDDImpl.scala:90
20/05/01 16:08:06 INFO BlockManager: Removing RDD 18
20/05/01 16:08:06 INFO MapOutputTrackerMaster: Size of output statuses for shuffle 2 is 142 bytes
20/05/01 16:08:06 INFO MapOutputTrackerMaster: Size of output statuses for shuffle 3 is 142 bytes
20/05/01 16:08:06 INFO MapOutputTrackerMaster: Size of output statuses for shuffle 1 is 142 bytes
20/05/01 16:08:06 INFO MapOutputTrackerMaster: Size of output statuses for shuffle 0 is 142 bytes
20/05/01 16:08:06 INFO MapOutputTrackerMaster: Size of output statuses for shuffle 6 is 142 bytes
20/05/01 16:08:06 INFO MapOutputTrackerMaster: Size of output statuses for shuffle 5 is 142 bytes
20/05/01 16:08:06 INFO MapOutputTrackerMaster: Size of output statuses for shuffle 4 is 142 bytes
20/05/01 16:08:06 INFO DAGScheduler: Registering RDD 56 (mapPartitions at VertexRDDImpl.scala:247)
20/05/01 16:08:06 INFO DAGScheduler: Registering RDD 60 (mapPartitions at VertexRDDImpl.scala:251)
20/05/01 16:08:06 INFO DAGScheduler: Registering RDD 64 (mapPartitions at GraphImpl.scala:235)
20/05/01 16:08:06 INFO DAGScheduler: Got job 2 (reduce at VertexRDDImpl.scala:90) with 1 output partitions
20/05/01 16:08:06 INFO DAGScheduler: Final stage: ResultStage 41(reduce at VertexRDDImpl.scala:90)
20/05/01 16:08:06 INFO DAGScheduler: Parents of final stage: List(ShuffleMapStage 34, ShuffleMapStage 38, ShuffleMapStage 36, ShuffleMapStage 40)
20/05/01 16:08:06 INFO DAGScheduler: Missing parents: List(ShuffleMapStage 40)
20/05/01 16:08:06 INFO DAGScheduler: Submitting ShuffleMapStage 31 (ReplicatedVertexView.updateVertices - shippedVerts true true (broadcast) MapPartitionsRDD[56] at mapPartitions at VertexRDDImpl.scala:247), which has no missing parents
20/05/01 16:08:06 INFO MemoryStore: ensureFreeSpace(6256) called with curMem=223069, maxMem=555755765
20/05/01 16:08:06 INFO MemoryStore: Block broadcast_10 stored as values in memory (estimated size 6.1 KB, free 529.8 MB)
20/05/01 16:08:06 INFO MemoryStore: ensureFreeSpace(3037) called with curMem=229325, maxMem=555755765
20/05/01 16:08:06 INFO MemoryStore: Block broadcast_10_piece0 stored as bytes in memory (estimated size 3.0 KB, free 529.8 MB)
20/05/01 16:08:06 INFO BlockManagerInfo: Added broadcast_10_piece0 in memory on localhost:36117 (size: 3.0 KB, free: 530.0 MB)
20/05/01 16:08:06 INFO SparkContext: Created broadcast 10 from broadcast at DAGScheduler.scala:861
20/05/01 16:08:06 INFO DAGScheduler: Submitting 1 missing tasks from ShuffleMapStage 31 (ReplicatedVertexView.updateVertices - shippedVerts true true (broadcast) MapPartitionsRDD[56] at mapPartitions at VertexRDDImpl.scala:247)
20/05/01 16:08:06 INFO TaskSchedulerImpl: Adding task set 31.0 with 1 tasks
20/05/01 16:08:06 INFO DAGScheduler: Submitting ShuffleMapStage 39 (ReplicatedVertexView.withActiveSet - shippedActives (broadcast) MapPartitionsRDD[60] at mapPartitions at VertexRDDImpl.scala:251), which has no missing parents
20/05/01 16:08:06 INFO TaskSetManager: Starting task 0.0 in stage 31.0 (TID 9, localhost, PROCESS_LOCAL, 2262 bytes)
20/05/01 16:08:06 INFO Executor: Running task 0.0 in stage 31.0 (TID 9)
20/05/01 16:08:06 INFO BlockManager: Found block rdd_35_0 locally
20/05/01 16:08:06 INFO CacheManager: Partition rdd_52_0 not found, computing it
20/05/01 16:08:06 INFO BlockManager: Found block rdd_35_0 locally
20/05/01 16:08:06 INFO BlockManager: Found block rdd_49_0 locally
20/05/01 16:08:06 INFO MemoryStore: ensureFreeSpace(1576) called with curMem=232362, maxMem=555755765
20/05/01 16:08:06 INFO MemoryStore: Block rdd_52_0 stored as values in memory (estimated size 1576.0 B, free 529.8 MB)
20/05/01 16:08:06 INFO BlockManagerInfo: Added rdd_52_0 in memory on localhost:36117 (size: 1576.0 B, free: 530.0 MB)
20/05/01 16:08:06 INFO Executor: Finished task 0.0 in stage 31.0 (TID 9). 2833 bytes result sent to driver
20/05/01 16:08:06 INFO TaskSetManager: Finished task 0.0 in stage 31.0 (TID 9) in 11 ms on localhost (1/1)
20/05/01 16:08:06 INFO TaskSchedulerImpl: Removed TaskSet 31.0, whose tasks have all completed, from pool 
20/05/01 16:08:06 INFO MemoryStore: ensureFreeSpace(5912) called with curMem=233938, maxMem=555755765
20/05/01 16:08:06 INFO MemoryStore: Block broadcast_11 stored as values in memory (estimated size 5.8 KB, free 529.8 MB)
20/05/01 16:08:06 INFO MemoryStore: ensureFreeSpace(2913) called with curMem=239850, maxMem=555755765
20/05/01 16:08:06 INFO MemoryStore: Block broadcast_11_piece0 stored as bytes in memory (estimated size 2.8 KB, free 529.8 MB)
20/05/01 16:08:06 INFO BlockManagerInfo: Added broadcast_11_piece0 in memory on localhost:36117 (size: 2.8 KB, free: 530.0 MB)
20/05/01 16:08:06 INFO SparkContext: Created broadcast 11 from broadcast at DAGScheduler.scala:861
20/05/01 16:08:06 INFO DAGScheduler: Submitting 1 missing tasks from ShuffleMapStage 39 (ReplicatedVertexView.withActiveSet - shippedActives (broadcast) MapPartitionsRDD[60] at mapPartitions at VertexRDDImpl.scala:251)
20/05/01 16:08:06 INFO TaskSchedulerImpl: Adding task set 39.0 with 1 tasks
20/05/01 16:08:06 INFO TaskSetManager: Starting task 0.0 in stage 39.0 (TID 10, localhost, PROCESS_LOCAL, 2198 bytes)
20/05/01 16:08:06 INFO Executor: Running task 0.0 in stage 39.0 (TID 10)
20/05/01 16:08:06 INFO BlockManager: Found block rdd_49_0 locally
20/05/01 16:08:06 INFO Executor: Finished task 0.0 in stage 39.0 (TID 10). 2253 bytes result sent to driver
20/05/01 16:08:06 INFO DAGScheduler: ShuffleMapStage 31 (mapPartitions at VertexRDDImpl.scala:247) finished in 0.028 s
20/05/01 16:08:06 INFO DAGScheduler: looking for newly runnable stages
20/05/01 16:08:06 INFO DAGScheduler: running: Set(ShuffleMapStage 39)
20/05/01 16:08:06 INFO DAGScheduler: waiting: Set(ShuffleMapStage 40, ResultStage 41)
20/05/01 16:08:06 INFO DAGScheduler: failed: Set()
20/05/01 16:08:06 INFO DAGScheduler: Missing parents for ShuffleMapStage 40: List(ShuffleMapStage 39)
20/05/01 16:08:06 INFO TaskSetManager: Finished task 0.0 in stage 39.0 (TID 10) in 7 ms on localhost (1/1)
20/05/01 16:08:06 INFO TaskSchedulerImpl: Removed TaskSet 39.0, whose tasks have all completed, from pool 
20/05/01 16:08:06 INFO DAGScheduler: Missing parents for ResultStage 41: List(ShuffleMapStage 40)
20/05/01 16:08:06 INFO DAGScheduler: ShuffleMapStage 39 (mapPartitions at VertexRDDImpl.scala:251) finished in 0.009 s
20/05/01 16:08:06 INFO DAGScheduler: looking for newly runnable stages
20/05/01 16:08:06 INFO DAGScheduler: running: Set()
20/05/01 16:08:06 INFO DAGScheduler: waiting: Set(ShuffleMapStage 40, ResultStage 41)
20/05/01 16:08:06 INFO DAGScheduler: failed: Set()
20/05/01 16:08:06 INFO DAGScheduler: Missing parents for ShuffleMapStage 40: List()
20/05/01 16:08:06 INFO DAGScheduler: Missing parents for ResultStage 41: List(ShuffleMapStage 40)
20/05/01 16:08:06 INFO DAGScheduler: Submitting ShuffleMapStage 40 (GraphImpl.aggregateMessages - preAgg MapPartitionsRDD[64] at mapPartitions at GraphImpl.scala:235), which is now runnable
20/05/01 16:08:06 INFO MemoryStore: ensureFreeSpace(7528) called with curMem=242763, maxMem=555755765
20/05/01 16:08:06 INFO MemoryStore: Block broadcast_12 stored as values in memory (estimated size 7.4 KB, free 529.8 MB)
20/05/01 16:08:06 INFO MemoryStore: ensureFreeSpace(3652) called with curMem=250291, maxMem=555755765
20/05/01 16:08:06 INFO MemoryStore: Block broadcast_12_piece0 stored as bytes in memory (estimated size 3.6 KB, free 529.8 MB)
20/05/01 16:08:06 INFO BlockManagerInfo: Added broadcast_12_piece0 in memory on localhost:36117 (size: 3.6 KB, free: 529.9 MB)
20/05/01 16:08:06 INFO SparkContext: Created broadcast 12 from broadcast at DAGScheduler.scala:861
20/05/01 16:08:06 INFO DAGScheduler: Submitting 1 missing tasks from ShuffleMapStage 40 (GraphImpl.aggregateMessages - preAgg MapPartitionsRDD[64] at mapPartitions at GraphImpl.scala:235)
20/05/01 16:08:06 INFO TaskSchedulerImpl: Adding task set 40.0 with 1 tasks
20/05/01 16:08:06 INFO TaskSetManager: Starting task 0.0 in stage 40.0 (TID 11, localhost, PROCESS_LOCAL, 2606 bytes)
20/05/01 16:08:06 INFO Executor: Running task 0.0 in stage 40.0 (TID 11)
20/05/01 16:08:06 INFO CacheManager: Partition rdd_58_0 not found, computing it
20/05/01 16:08:06 INFO BlockManager: Found block rdd_41_0 locally
20/05/01 16:08:06 INFO ShuffleBlockFetcherIterator: Getting 1 non-empty blocks out of 1 blocks
20/05/01 16:08:06 INFO ShuffleBlockFetcherIterator: Started 0 remote fetches in 0 ms
20/05/01 16:08:06 INFO MemoryStore: ensureFreeSpace(2824) called with curMem=253943, maxMem=555755765
20/05/01 16:08:06 INFO MemoryStore: Block rdd_58_0 stored as values in memory (estimated size 2.8 KB, free 529.8 MB)
20/05/01 16:08:06 INFO BlockManagerInfo: Added rdd_58_0 in memory on localhost:36117 (size: 2.8 KB, free: 529.9 MB)
20/05/01 16:08:06 INFO ShuffleBlockFetcherIterator: Getting 1 non-empty blocks out of 1 blocks
20/05/01 16:08:06 INFO ShuffleBlockFetcherIterator: Started 0 remote fetches in 0 ms
20/05/01 16:08:06 INFO Executor: Finished task 0.0 in stage 40.0 (TID 11). 3049 bytes result sent to driver
20/05/01 16:08:06 INFO TaskSetManager: Finished task 0.0 in stage 40.0 (TID 11) in 24 ms on localhost (1/1)
20/05/01 16:08:06 INFO TaskSchedulerImpl: Removed TaskSet 40.0, whose tasks have all completed, from pool 
20/05/01 16:08:06 INFO DAGScheduler: ShuffleMapStage 40 (mapPartitions at GraphImpl.scala:235) finished in 0.025 s
20/05/01 16:08:06 INFO DAGScheduler: looking for newly runnable stages
20/05/01 16:08:06 INFO DAGScheduler: running: Set()
20/05/01 16:08:06 INFO DAGScheduler: waiting: Set(ResultStage 41)
20/05/01 16:08:06 INFO DAGScheduler: failed: Set()
20/05/01 16:08:06 INFO DAGScheduler: Missing parents for ResultStage 41: List()
20/05/01 16:08:06 INFO DAGScheduler: Submitting ResultStage 41 (MapPartitionsRDD[68] at map at VertexRDDImpl.scala:90), which is now runnable
20/05/01 16:08:06 INFO MemoryStore: ensureFreeSpace(6584) called with curMem=256767, maxMem=555755765
20/05/01 16:08:06 INFO MemoryStore: Block broadcast_13 stored as values in memory (estimated size 6.4 KB, free 529.8 MB)
20/05/01 16:08:06 INFO MemoryStore: ensureFreeSpace(3116) called with curMem=263351, maxMem=555755765
20/05/01 16:08:06 INFO MemoryStore: Block broadcast_13_piece0 stored as bytes in memory (estimated size 3.0 KB, free 529.8 MB)
20/05/01 16:08:06 INFO BlockManagerInfo: Added broadcast_13_piece0 in memory on localhost:36117 (size: 3.0 KB, free: 529.9 MB)
20/05/01 16:08:06 INFO SparkContext: Created broadcast 13 from broadcast at DAGScheduler.scala:861
20/05/01 16:08:06 INFO DAGScheduler: Submitting 1 missing tasks from ResultStage 41 (MapPartitionsRDD[68] at map at VertexRDDImpl.scala:90)
20/05/01 16:08:06 INFO TaskSchedulerImpl: Adding task set 41.0 with 1 tasks
20/05/01 16:08:06 INFO TaskSetManager: Starting task 0.0 in stage 41.0 (TID 12, localhost, PROCESS_LOCAL, 2282 bytes)
20/05/01 16:08:06 INFO Executor: Running task 0.0 in stage 41.0 (TID 12)
20/05/01 16:08:06 INFO CacheManager: Partition rdd_66_0 not found, computing it
20/05/01 16:08:06 INFO BlockManager: Found block rdd_52_0 locally
20/05/01 16:08:06 INFO ShuffleBlockFetcherIterator: Getting 1 non-empty blocks out of 1 blocks
20/05/01 16:08:06 INFO ShuffleBlockFetcherIterator: Started 0 remote fetches in 0 ms
20/05/01 16:08:06 INFO MemoryStore: ensureFreeSpace(1624) called with curMem=266467, maxMem=555755765
20/05/01 16:08:06 INFO MemoryStore: Block rdd_66_0 stored as values in memory (estimated size 1624.0 B, free 529.8 MB)
20/05/01 16:08:06 INFO BlockManagerInfo: Added rdd_66_0 in memory on localhost:36117 (size: 1624.0 B, free: 529.9 MB)
20/05/01 16:08:06 INFO Executor: Finished task 0.0 in stage 41.0 (TID 12). 2957 bytes result sent to driver
20/05/01 16:08:06 INFO TaskSetManager: Finished task 0.0 in stage 41.0 (TID 12) in 12 ms on localhost (1/1)
20/05/01 16:08:06 INFO TaskSchedulerImpl: Removed TaskSet 41.0, whose tasks have all completed, from pool 
20/05/01 16:08:06 INFO DAGScheduler: ResultStage 41 (reduce at VertexRDDImpl.scala:90) finished in 0.010 s
20/05/01 16:08:06 INFO DAGScheduler: Job 2 finished: reduce at VertexRDDImpl.scala:90, took 0.178202 s
20/05/01 16:08:06 INFO Pregel: Pregel finished iteration 1
20/05/01 16:08:06 INFO ZippedPartitionsRDD2: Removing RDD 49 from persistence list
20/05/01 16:08:06 INFO BlockManager: Removing RDD 49
20/05/01 16:08:06 INFO ZippedPartitionsRDD2: Removing RDD 35 from persistence list
20/05/01 16:08:06 INFO ZippedPartitionsRDD2: Removing RDD 41 from persistence list
20/05/01 16:08:06 INFO BlockManager: Removing RDD 35
20/05/01 16:08:06 INFO BlockManager: Removing RDD 41
20/05/01 16:08:06 INFO SparkContext: Starting job: reduce at VertexRDDImpl.scala:90
20/05/01 16:08:06 INFO MapOutputTrackerMaster: Size of output statuses for shuffle 2 is 142 bytes
20/05/01 16:08:06 INFO MapOutputTrackerMaster: Size of output statuses for shuffle 3 is 142 bytes
20/05/01 16:08:06 INFO MapOutputTrackerMaster: Size of output statuses for shuffle 1 is 142 bytes
20/05/01 16:08:06 INFO MapOutputTrackerMaster: Size of output statuses for shuffle 0 is 142 bytes
20/05/01 16:08:06 INFO MapOutputTrackerMaster: Size of output statuses for shuffle 6 is 142 bytes
20/05/01 16:08:06 INFO MapOutputTrackerMaster: Size of output statuses for shuffle 5 is 142 bytes
20/05/01 16:08:06 INFO MapOutputTrackerMaster: Size of output statuses for shuffle 4 is 142 bytes
20/05/01 16:08:06 INFO MapOutputTrackerMaster: Size of output statuses for shuffle 9 is 142 bytes
20/05/01 16:08:06 INFO MapOutputTrackerMaster: Size of output statuses for shuffle 8 is 142 bytes
20/05/01 16:08:06 INFO MapOutputTrackerMaster: Size of output statuses for shuffle 7 is 142 bytes
20/05/01 16:08:06 INFO DAGScheduler: Registering RDD 73 (mapPartitions at VertexRDDImpl.scala:247)
20/05/01 16:08:06 INFO DAGScheduler: Registering RDD 77 (mapPartitions at VertexRDDImpl.scala:251)
20/05/01 16:08:06 INFO DAGScheduler: Registering RDD 81 (mapPartitions at GraphImpl.scala:235)
20/05/01 16:08:06 INFO DAGScheduler: Got job 3 (reduce at VertexRDDImpl.scala:90) with 1 output partitions
20/05/01 16:08:06 INFO DAGScheduler: Final stage: ResultStage 77(reduce at VertexRDDImpl.scala:90)
20/05/01 16:08:06 INFO DAGScheduler: Parents of final stage: List(ShuffleMapStage 70, ShuffleMapStage 74, ShuffleMapStage 68, ShuffleMapStage 72, ShuffleMapStage 76)
20/05/01 16:08:06 INFO DAGScheduler: Missing parents: List(ShuffleMapStage 76)
20/05/01 16:08:06 INFO DAGScheduler: Submitting ShuffleMapStage 64 (ReplicatedVertexView.updateVertices - shippedVerts true true (broadcast) MapPartitionsRDD[73] at mapPartitions at VertexRDDImpl.scala:247), which has no missing parents
20/05/01 16:08:06 INFO MemoryStore: ensureFreeSpace(6672) called with curMem=262067, maxMem=555755765
20/05/01 16:08:06 INFO MemoryStore: Block broadcast_14 stored as values in memory (estimated size 6.5 KB, free 529.8 MB)
20/05/01 16:08:06 INFO MemoryStore: ensureFreeSpace(3139) called with curMem=268739, maxMem=555755765
20/05/01 16:08:06 INFO MemoryStore: Block broadcast_14_piece0 stored as bytes in memory (estimated size 3.1 KB, free 529.8 MB)
20/05/01 16:08:06 INFO BlockManagerInfo: Added broadcast_14_piece0 in memory on localhost:36117 (size: 3.1 KB, free: 529.9 MB)
20/05/01 16:08:06 INFO SparkContext: Created broadcast 14 from broadcast at DAGScheduler.scala:861
20/05/01 16:08:06 INFO DAGScheduler: Submitting 1 missing tasks from ShuffleMapStage 64 (ReplicatedVertexView.updateVertices - shippedVerts true true (broadcast) MapPartitionsRDD[73] at mapPartitions at VertexRDDImpl.scala:247)
20/05/01 16:08:06 INFO TaskSchedulerImpl: Adding task set 64.0 with 1 tasks
20/05/01 16:08:06 INFO DAGScheduler: Submitting ShuffleMapStage 75 (ReplicatedVertexView.withActiveSet - shippedActives (broadcast) MapPartitionsRDD[77] at mapPartitions at VertexRDDImpl.scala:251), which has no missing parents
20/05/01 16:08:06 INFO TaskSetManager: Starting task 0.0 in stage 64.0 (TID 13, localhost, PROCESS_LOCAL, 2335 bytes)
20/05/01 16:08:06 INFO Executor: Running task 0.0 in stage 64.0 (TID 13)
20/05/01 16:08:06 INFO BlockManager: Found block rdd_52_0 locally
20/05/01 16:08:06 INFO CacheManager: Partition rdd_69_0 not found, computing it
20/05/01 16:08:06 INFO BlockManager: Found block rdd_52_0 locally
20/05/01 16:08:06 INFO BlockManager: Found block rdd_66_0 locally
20/05/01 16:08:06 INFO MemoryStore: ensureFreeSpace(1576) called with curMem=271878, maxMem=555755765
20/05/01 16:08:06 INFO MemoryStore: Block rdd_69_0 stored as values in memory (estimated size 1576.0 B, free 529.7 MB)
20/05/01 16:08:06 INFO MemoryStore: ensureFreeSpace(6320) called with curMem=273454, maxMem=555755765
20/05/01 16:08:06 INFO BlockManagerInfo: Added rdd_69_0 in memory on localhost:36117 (size: 1576.0 B, free: 529.9 MB)
20/05/01 16:08:06 INFO MemoryStore: Block broadcast_15 stored as values in memory (estimated size 6.2 KB, free 529.7 MB)
20/05/01 16:08:06 INFO Executor: Finished task 0.0 in stage 64.0 (TID 13). 2833 bytes result sent to driver
20/05/01 16:08:06 INFO TaskSetManager: Finished task 0.0 in stage 64.0 (TID 13) in 8 ms on localhost (1/1)
20/05/01 16:08:06 INFO TaskSchedulerImpl: Removed TaskSet 64.0, whose tasks have all completed, from pool 
20/05/01 16:08:06 INFO MemoryStore: ensureFreeSpace(3024) called with curMem=279774, maxMem=555755765
20/05/01 16:08:06 INFO MemoryStore: Block broadcast_15_piece0 stored as bytes in memory (estimated size 3.0 KB, free 529.7 MB)
20/05/01 16:08:06 INFO BlockManagerInfo: Added broadcast_15_piece0 in memory on localhost:36117 (size: 3.0 KB, free: 529.9 MB)
20/05/01 16:08:06 INFO SparkContext: Created broadcast 15 from broadcast at DAGScheduler.scala:861
20/05/01 16:08:06 INFO DAGScheduler: Submitting 1 missing tasks from ShuffleMapStage 75 (ReplicatedVertexView.withActiveSet - shippedActives (broadcast) MapPartitionsRDD[77] at mapPartitions at VertexRDDImpl.scala:251)
20/05/01 16:08:06 INFO TaskSchedulerImpl: Adding task set 75.0 with 1 tasks
20/05/01 16:08:06 INFO TaskSetManager: Starting task 0.0 in stage 75.0 (TID 14, localhost, PROCESS_LOCAL, 2271 bytes)
20/05/01 16:08:06 INFO Executor: Running task 0.0 in stage 75.0 (TID 14)
20/05/01 16:08:06 INFO BlockManager: Found block rdd_66_0 locally
20/05/01 16:08:06 INFO Executor: Finished task 0.0 in stage 75.0 (TID 14). 2253 bytes result sent to driver
20/05/01 16:08:06 INFO TaskSetManager: Finished task 0.0 in stage 75.0 (TID 14) in 6 ms on localhost (1/1)
20/05/01 16:08:06 INFO TaskSchedulerImpl: Removed TaskSet 75.0, whose tasks have all completed, from pool 
20/05/01 16:08:06 INFO DAGScheduler: ShuffleMapStage 64 (mapPartitions at VertexRDDImpl.scala:247) finished in 0.034 s
20/05/01 16:08:06 INFO DAGScheduler: looking for newly runnable stages
20/05/01 16:08:06 INFO DAGScheduler: running: Set(ShuffleMapStage 75)
20/05/01 16:08:06 INFO DAGScheduler: waiting: Set(ShuffleMapStage 76, ResultStage 77)
20/05/01 16:08:06 INFO DAGScheduler: failed: Set()
20/05/01 16:08:06 INFO DAGScheduler: Missing parents for ShuffleMapStage 76: List(ShuffleMapStage 75)
20/05/01 16:08:06 INFO DAGScheduler: Missing parents for ResultStage 77: List(ShuffleMapStage 76)
20/05/01 16:08:06 INFO DAGScheduler: ShuffleMapStage 75 (mapPartitions at VertexRDDImpl.scala:251) finished in 0.013 s
20/05/01 16:08:06 INFO DAGScheduler: looking for newly runnable stages
20/05/01 16:08:06 INFO DAGScheduler: running: Set()
20/05/01 16:08:06 INFO DAGScheduler: waiting: Set(ShuffleMapStage 76, ResultStage 77)
20/05/01 16:08:06 INFO DAGScheduler: failed: Set()
20/05/01 16:08:06 INFO DAGScheduler: Missing parents for ShuffleMapStage 76: List()
20/05/01 16:08:06 INFO DAGScheduler: Missing parents for ResultStage 77: List(ShuffleMapStage 76)
20/05/01 16:08:06 INFO DAGScheduler: Submitting ShuffleMapStage 76 (GraphImpl.aggregateMessages - preAgg MapPartitionsRDD[81] at mapPartitions at GraphImpl.scala:235), which is now runnable
20/05/01 16:08:06 INFO MemoryStore: ensureFreeSpace(7760) called with curMem=282798, maxMem=555755765
20/05/01 16:08:06 INFO MemoryStore: Block broadcast_16 stored as values in memory (estimated size 7.6 KB, free 529.7 MB)
20/05/01 16:08:06 INFO MemoryStore: ensureFreeSpace(3723) called with curMem=290558, maxMem=555755765
20/05/01 16:08:06 INFO MemoryStore: Block broadcast_16_piece0 stored as bytes in memory (estimated size 3.6 KB, free 529.7 MB)
20/05/01 16:08:06 INFO BlockManagerInfo: Added broadcast_16_piece0 in memory on localhost:36117 (size: 3.6 KB, free: 529.9 MB)
20/05/01 16:08:06 INFO SparkContext: Created broadcast 16 from broadcast at DAGScheduler.scala:861
20/05/01 16:08:06 INFO DAGScheduler: Submitting 1 missing tasks from ShuffleMapStage 76 (GraphImpl.aggregateMessages - preAgg MapPartitionsRDD[81] at mapPartitions at GraphImpl.scala:235)
20/05/01 16:08:06 INFO TaskSchedulerImpl: Adding task set 76.0 with 1 tasks
20/05/01 16:08:06 INFO TaskSetManager: Starting task 0.0 in stage 76.0 (TID 15, localhost, PROCESS_LOCAL, 2647 bytes)
20/05/01 16:08:06 INFO Executor: Running task 0.0 in stage 76.0 (TID 15)
20/05/01 16:08:06 INFO CacheManager: Partition rdd_75_0 not found, computing it
20/05/01 16:08:06 INFO BlockManager: Found block rdd_58_0 locally
20/05/01 16:08:06 INFO ShuffleBlockFetcherIterator: Getting 1 non-empty blocks out of 1 blocks
20/05/01 16:08:06 INFO ShuffleBlockFetcherIterator: Started 0 remote fetches in 0 ms
20/05/01 16:08:06 INFO MemoryStore: ensureFreeSpace(2824) called with curMem=294281, maxMem=555755765
20/05/01 16:08:06 INFO MemoryStore: Block rdd_75_0 stored as values in memory (estimated size 2.8 KB, free 529.7 MB)
20/05/01 16:08:06 INFO BlockManagerInfo: Added rdd_75_0 in memory on localhost:36117 (size: 2.8 KB, free: 529.9 MB)
20/05/01 16:08:06 INFO ShuffleBlockFetcherIterator: Getting 1 non-empty blocks out of 1 blocks
20/05/01 16:08:06 INFO ShuffleBlockFetcherIterator: Started 0 remote fetches in 1 ms
20/05/01 16:08:06 INFO Executor: Finished task 0.0 in stage 76.0 (TID 15). 3049 bytes result sent to driver
20/05/01 16:08:06 INFO TaskSetManager: Finished task 0.0 in stage 76.0 (TID 15) in 11 ms on localhost (1/1)
20/05/01 16:08:06 INFO DAGScheduler: ShuffleMapStage 76 (mapPartitions at GraphImpl.scala:235) finished in 0.012 s
20/05/01 16:08:06 INFO DAGScheduler: looking for newly runnable stages
20/05/01 16:08:06 INFO DAGScheduler: running: Set()
20/05/01 16:08:06 INFO DAGScheduler: waiting: Set(ResultStage 77)
20/05/01 16:08:06 INFO DAGScheduler: failed: Set()
20/05/01 16:08:06 INFO TaskSchedulerImpl: Removed TaskSet 76.0, whose tasks have all completed, from pool 
20/05/01 16:08:06 INFO DAGScheduler: Missing parents for ResultStage 77: List()
20/05/01 16:08:06 INFO DAGScheduler: Submitting ResultStage 77 (MapPartitionsRDD[85] at map at VertexRDDImpl.scala:90), which is now runnable
20/05/01 16:08:06 INFO MemoryStore: ensureFreeSpace(6992) called with curMem=297105, maxMem=555755765
20/05/01 16:08:06 INFO MemoryStore: Block broadcast_17 stored as values in memory (estimated size 6.8 KB, free 529.7 MB)
20/05/01 16:08:06 INFO MemoryStore: ensureFreeSpace(3223) called with curMem=304097, maxMem=555755765
20/05/01 16:08:06 INFO MemoryStore: Block broadcast_17_piece0 stored as bytes in memory (estimated size 3.1 KB, free 529.7 MB)
20/05/01 16:08:06 INFO BlockManagerInfo: Added broadcast_17_piece0 in memory on localhost:36117 (size: 3.1 KB, free: 529.9 MB)
20/05/01 16:08:06 INFO SparkContext: Created broadcast 17 from broadcast at DAGScheduler.scala:861
20/05/01 16:08:06 INFO DAGScheduler: Submitting 1 missing tasks from ResultStage 77 (MapPartitionsRDD[85] at map at VertexRDDImpl.scala:90)
20/05/01 16:08:06 INFO TaskSchedulerImpl: Adding task set 77.0 with 1 tasks
20/05/01 16:08:06 INFO TaskSetManager: Starting task 0.0 in stage 77.0 (TID 16, localhost, PROCESS_LOCAL, 2355 bytes)
20/05/01 16:08:06 INFO Executor: Running task 0.0 in stage 77.0 (TID 16)
20/05/01 16:08:06 INFO CacheManager: Partition rdd_83_0 not found, computing it
20/05/01 16:08:06 INFO BlockManager: Found block rdd_69_0 locally
20/05/01 16:08:06 INFO ShuffleBlockFetcherIterator: Getting 1 non-empty blocks out of 1 blocks
20/05/01 16:08:06 INFO ShuffleBlockFetcherIterator: Started 0 remote fetches in 1 ms
20/05/01 16:08:06 INFO MemoryStore: ensureFreeSpace(1624) called with curMem=307320, maxMem=555755765
20/05/01 16:08:06 INFO MemoryStore: Block rdd_83_0 stored as values in memory (estimated size 1624.0 B, free 529.7 MB)
20/05/01 16:08:06 INFO BlockManagerInfo: Added rdd_83_0 in memory on localhost:36117 (size: 1624.0 B, free: 529.9 MB)
20/05/01 16:08:06 INFO Executor: Finished task 0.0 in stage 77.0 (TID 16). 2957 bytes result sent to driver
20/05/01 16:08:06 INFO TaskSetManager: Finished task 0.0 in stage 77.0 (TID 16) in 7 ms on localhost (1/1)
20/05/01 16:08:06 INFO TaskSchedulerImpl: Removed TaskSet 77.0, whose tasks have all completed, from pool 
20/05/01 16:08:06 INFO DAGScheduler: ResultStage 77 (reduce at VertexRDDImpl.scala:90) finished in 0.005 s
20/05/01 16:08:06 INFO DAGScheduler: Job 3 finished: reduce at VertexRDDImpl.scala:90, took 0.143041 s
20/05/01 16:08:06 INFO Pregel: Pregel finished iteration 2
20/05/01 16:08:06 INFO ZippedPartitionsRDD2: Removing RDD 66 from persistence list
20/05/01 16:08:06 INFO BlockManager: Removing RDD 66
20/05/01 16:08:06 INFO ZippedPartitionsRDD2: Removing RDD 52 from persistence list
20/05/01 16:08:06 INFO ZippedPartitionsRDD2: Removing RDD 58 from persistence list
20/05/01 16:08:06 INFO BlockManager: Removing RDD 52
20/05/01 16:08:06 INFO BlockManager: Removing RDD 58
20/05/01 16:08:06 INFO SparkContext: Starting job: reduce at VertexRDDImpl.scala:90
20/05/01 16:08:06 INFO MapOutputTrackerMaster: Size of output statuses for shuffle 2 is 142 bytes
20/05/01 16:08:06 INFO MapOutputTrackerMaster: Size of output statuses for shuffle 3 is 142 bytes
20/05/01 16:08:06 INFO MapOutputTrackerMaster: Size of output statuses for shuffle 1 is 142 bytes
20/05/01 16:08:06 INFO MapOutputTrackerMaster: Size of output statuses for shuffle 0 is 142 bytes
20/05/01 16:08:06 INFO MapOutputTrackerMaster: Size of output statuses for shuffle 6 is 142 bytes
20/05/01 16:08:06 INFO MapOutputTrackerMaster: Size of output statuses for shuffle 5 is 142 bytes
20/05/01 16:08:06 INFO MapOutputTrackerMaster: Size of output statuses for shuffle 4 is 142 bytes
20/05/01 16:08:06 INFO MapOutputTrackerMaster: Size of output statuses for shuffle 9 is 142 bytes
20/05/01 16:08:06 INFO MapOutputTrackerMaster: Size of output statuses for shuffle 8 is 142 bytes
20/05/01 16:08:06 INFO MapOutputTrackerMaster: Size of output statuses for shuffle 7 is 142 bytes
20/05/01 16:08:06 INFO MapOutputTrackerMaster: Size of output statuses for shuffle 12 is 142 bytes
20/05/01 16:08:06 INFO MapOutputTrackerMaster: Size of output statuses for shuffle 11 is 142 bytes
20/05/01 16:08:06 INFO MapOutputTrackerMaster: Size of output statuses for shuffle 10 is 142 bytes
20/05/01 16:08:06 INFO DAGScheduler: Registering RDD 90 (mapPartitions at VertexRDDImpl.scala:247)
20/05/01 16:08:06 INFO DAGScheduler: Registering RDD 94 (mapPartitions at VertexRDDImpl.scala:251)
20/05/01 16:08:06 INFO DAGScheduler: Registering RDD 98 (mapPartitions at GraphImpl.scala:235)
20/05/01 16:08:06 INFO DAGScheduler: Got job 4 (reduce at VertexRDDImpl.scala:90) with 1 output partitions
20/05/01 16:08:06 INFO DAGScheduler: Final stage: ResultStage 129(reduce at VertexRDDImpl.scala:90)
20/05/01 16:08:06 INFO DAGScheduler: Parents of final stage: List(ShuffleMapStage 118, ShuffleMapStage 122, ShuffleMapStage 126, ShuffleMapStage 120, ShuffleMapStage 124, ShuffleMapStage 128)
20/05/01 16:08:06 INFO DAGScheduler: Missing parents: List(ShuffleMapStage 128)
20/05/01 16:08:06 INFO DAGScheduler: Submitting ShuffleMapStage 113 (ReplicatedVertexView.updateVertices - shippedVerts true true (broadcast) MapPartitionsRDD[90] at mapPartitions at VertexRDDImpl.scala:247), which has no missing parents
20/05/01 16:08:06 INFO MemoryStore: ensureFreeSpace(7080) called with curMem=302920, maxMem=555755765
20/05/01 16:08:06 INFO MemoryStore: Block broadcast_18 stored as values in memory (estimated size 6.9 KB, free 529.7 MB)
20/05/01 16:08:06 INFO MemoryStore: ensureFreeSpace(3252) called with curMem=310000, maxMem=555755765
20/05/01 16:08:06 INFO MemoryStore: Block broadcast_18_piece0 stored as bytes in memory (estimated size 3.2 KB, free 529.7 MB)
20/05/01 16:08:06 INFO BlockManagerInfo: Added broadcast_18_piece0 in memory on localhost:36117 (size: 3.2 KB, free: 529.9 MB)
20/05/01 16:08:06 INFO SparkContext: Created broadcast 18 from broadcast at DAGScheduler.scala:861
20/05/01 16:08:06 INFO DAGScheduler: Submitting 1 missing tasks from ShuffleMapStage 113 (ReplicatedVertexView.updateVertices - shippedVerts true true (broadcast) MapPartitionsRDD[90] at mapPartitions at VertexRDDImpl.scala:247)
20/05/01 16:08:06 INFO TaskSchedulerImpl: Adding task set 113.0 with 1 tasks
20/05/01 16:08:06 INFO TaskSetManager: Starting task 0.0 in stage 113.0 (TID 17, localhost, PROCESS_LOCAL, 2408 bytes)
20/05/01 16:08:06 INFO Executor: Running task 0.0 in stage 113.0 (TID 17)
20/05/01 16:08:06 INFO DAGScheduler: Submitting ShuffleMapStage 127 (ReplicatedVertexView.withActiveSet - shippedActives (broadcast) MapPartitionsRDD[94] at mapPartitions at VertexRDDImpl.scala:251), which has no missing parents
20/05/01 16:08:06 INFO MemoryStore: ensureFreeSpace(6728) called with curMem=313252, maxMem=555755765
20/05/01 16:08:06 INFO MemoryStore: Block broadcast_19 stored as values in memory (estimated size 6.6 KB, free 529.7 MB)
20/05/01 16:08:06 INFO BlockManager: Found block rdd_69_0 locally
20/05/01 16:08:06 INFO CacheManager: Partition rdd_86_0 not found, computing it
20/05/01 16:08:06 INFO BlockManager: Found block rdd_69_0 locally
20/05/01 16:08:06 INFO BlockManager: Found block rdd_83_0 locally
20/05/01 16:08:06 INFO MemoryStore: ensureFreeSpace(1576) called with curMem=319980, maxMem=555755765
20/05/01 16:08:06 INFO MemoryStore: Block rdd_86_0 stored as values in memory (estimated size 1576.0 B, free 529.7 MB)
20/05/01 16:08:06 INFO BlockManagerInfo: Added rdd_86_0 in memory on localhost:36117 (size: 1576.0 B, free: 529.9 MB)
20/05/01 16:08:06 INFO Executor: Finished task 0.0 in stage 113.0 (TID 17). 2833 bytes result sent to driver
20/05/01 16:08:06 INFO TaskSetManager: Finished task 0.0 in stage 113.0 (TID 17) in 8 ms on localhost (1/1)
20/05/01 16:08:06 INFO MemoryStore: ensureFreeSpace(3132) called with curMem=321556, maxMem=555755765
20/05/01 16:08:06 INFO TaskSchedulerImpl: Removed TaskSet 113.0, whose tasks have all completed, from pool 
20/05/01 16:08:06 INFO MemoryStore: Block broadcast_19_piece0 stored as bytes in memory (estimated size 3.1 KB, free 529.7 MB)
20/05/01 16:08:06 INFO BlockManagerInfo: Added broadcast_19_piece0 in memory on localhost:36117 (size: 3.1 KB, free: 529.9 MB)
20/05/01 16:08:06 INFO SparkContext: Created broadcast 19 from broadcast at DAGScheduler.scala:861
20/05/01 16:08:06 INFO DAGScheduler: Submitting 1 missing tasks from ShuffleMapStage 127 (ReplicatedVertexView.withActiveSet - shippedActives (broadcast) MapPartitionsRDD[94] at mapPartitions at VertexRDDImpl.scala:251)
20/05/01 16:08:06 INFO TaskSchedulerImpl: Adding task set 127.0 with 1 tasks
20/05/01 16:08:06 INFO TaskSetManager: Starting task 0.0 in stage 127.0 (TID 18, localhost, PROCESS_LOCAL, 2344 bytes)
20/05/01 16:08:06 INFO Executor: Running task 0.0 in stage 127.0 (TID 18)
20/05/01 16:08:06 INFO BlockManager: Found block rdd_83_0 locally
20/05/01 16:08:06 INFO Executor: Finished task 0.0 in stage 127.0 (TID 18). 2253 bytes result sent to driver
20/05/01 16:08:06 INFO TaskSetManager: Finished task 0.0 in stage 127.0 (TID 18) in 6 ms on localhost (1/1)
20/05/01 16:08:06 INFO TaskSchedulerImpl: Removed TaskSet 127.0, whose tasks have all completed, from pool 
20/05/01 16:08:06 INFO DAGScheduler: ShuffleMapStage 113 (mapPartitions at VertexRDDImpl.scala:247) finished in 0.016 s
20/05/01 16:08:06 INFO DAGScheduler: looking for newly runnable stages
20/05/01 16:08:06 INFO DAGScheduler: running: Set(ShuffleMapStage 127)
20/05/01 16:08:06 INFO DAGScheduler: waiting: Set(ResultStage 129, ShuffleMapStage 128)
20/05/01 16:08:06 INFO DAGScheduler: failed: Set()
20/05/01 16:08:06 INFO DAGScheduler: Missing parents for ResultStage 129: List(ShuffleMapStage 128)
20/05/01 16:08:06 INFO DAGScheduler: Missing parents for ShuffleMapStage 128: List(ShuffleMapStage 127)
20/05/01 16:08:06 INFO DAGScheduler: ShuffleMapStage 127 (mapPartitions at VertexRDDImpl.scala:251) finished in 0.008 s
20/05/01 16:08:06 INFO DAGScheduler: looking for newly runnable stages
20/05/01 16:08:06 INFO DAGScheduler: running: Set()
20/05/01 16:08:06 INFO DAGScheduler: waiting: Set(ResultStage 129, ShuffleMapStage 128)
20/05/01 16:08:06 INFO DAGScheduler: failed: Set()
20/05/01 16:08:06 INFO DAGScheduler: Missing parents for ResultStage 129: List(ShuffleMapStage 128)
20/05/01 16:08:06 INFO DAGScheduler: Missing parents for ShuffleMapStage 128: List()
20/05/01 16:08:06 INFO DAGScheduler: Submitting ShuffleMapStage 128 (GraphImpl.aggregateMessages - preAgg MapPartitionsRDD[98] at mapPartitions at GraphImpl.scala:235), which is now runnable
20/05/01 16:08:06 INFO MemoryStore: ensureFreeSpace(7984) called with curMem=324688, maxMem=555755765
20/05/01 16:08:06 INFO MemoryStore: Block broadcast_20 stored as values in memory (estimated size 7.8 KB, free 529.7 MB)
20/05/01 16:08:06 INFO MemoryStore: ensureFreeSpace(3797) called with curMem=332672, maxMem=555755765
20/05/01 16:08:06 INFO MemoryStore: Block broadcast_20_piece0 stored as bytes in memory (estimated size 3.7 KB, free 529.7 MB)
20/05/01 16:08:06 INFO BlockManagerInfo: Added broadcast_20_piece0 in memory on localhost:36117 (size: 3.7 KB, free: 529.9 MB)
20/05/01 16:08:06 INFO SparkContext: Created broadcast 20 from broadcast at DAGScheduler.scala:861
20/05/01 16:08:06 INFO DAGScheduler: Submitting 1 missing tasks from ShuffleMapStage 128 (GraphImpl.aggregateMessages - preAgg MapPartitionsRDD[98] at mapPartitions at GraphImpl.scala:235)
20/05/01 16:08:06 INFO TaskSchedulerImpl: Adding task set 128.0 with 1 tasks
20/05/01 16:08:06 INFO TaskSetManager: Starting task 0.0 in stage 128.0 (TID 19, localhost, PROCESS_LOCAL, 2688 bytes)
20/05/01 16:08:06 INFO Executor: Running task 0.0 in stage 128.0 (TID 19)
20/05/01 16:08:06 INFO CacheManager: Partition rdd_92_0 not found, computing it
20/05/01 16:08:06 INFO BlockManager: Found block rdd_75_0 locally
20/05/01 16:08:06 INFO ShuffleBlockFetcherIterator: Getting 1 non-empty blocks out of 1 blocks
20/05/01 16:08:06 INFO ShuffleBlockFetcherIterator: Started 0 remote fetches in 0 ms
20/05/01 16:08:06 INFO MemoryStore: ensureFreeSpace(2824) called with curMem=336469, maxMem=555755765
20/05/01 16:08:06 INFO MemoryStore: Block rdd_92_0 stored as values in memory (estimated size 2.8 KB, free 529.7 MB)
20/05/01 16:08:06 INFO BlockManagerInfo: Added rdd_92_0 in memory on localhost:36117 (size: 2.8 KB, free: 529.9 MB)
20/05/01 16:08:06 INFO ShuffleBlockFetcherIterator: Getting 1 non-empty blocks out of 1 blocks
20/05/01 16:08:06 INFO ShuffleBlockFetcherIterator: Started 0 remote fetches in 0 ms
20/05/01 16:08:06 INFO Executor: Finished task 0.0 in stage 128.0 (TID 19). 3049 bytes result sent to driver
20/05/01 16:08:06 INFO TaskSetManager: Finished task 0.0 in stage 128.0 (TID 19) in 12 ms on localhost (1/1)
20/05/01 16:08:06 INFO TaskSchedulerImpl: Removed TaskSet 128.0, whose tasks have all completed, from pool 
20/05/01 16:08:06 INFO DAGScheduler: ShuffleMapStage 128 (mapPartitions at GraphImpl.scala:235) finished in 0.004 s
20/05/01 16:08:06 INFO DAGScheduler: looking for newly runnable stages
20/05/01 16:08:06 INFO DAGScheduler: running: Set()
20/05/01 16:08:06 INFO DAGScheduler: waiting: Set(ResultStage 129)
20/05/01 16:08:06 INFO DAGScheduler: failed: Set()
20/05/01 16:08:06 INFO DAGScheduler: Missing parents for ResultStage 129: List()
20/05/01 16:08:06 INFO DAGScheduler: Submitting ResultStage 129 (MapPartitionsRDD[102] at map at VertexRDDImpl.scala:90), which is now runnable
20/05/01 16:08:06 INFO MemoryStore: ensureFreeSpace(7400) called with curMem=339293, maxMem=555755765
20/05/01 16:08:06 INFO MemoryStore: Block broadcast_21 stored as values in memory (estimated size 7.2 KB, free 529.7 MB)
20/05/01 16:08:06 INFO MemoryStore: ensureFreeSpace(3315) called with curMem=346693, maxMem=555755765
20/05/01 16:08:06 INFO MemoryStore: Block broadcast_21_piece0 stored as bytes in memory (estimated size 3.2 KB, free 529.7 MB)
20/05/01 16:08:06 INFO BlockManagerInfo: Added broadcast_21_piece0 in memory on localhost:36117 (size: 3.2 KB, free: 529.9 MB)
20/05/01 16:08:06 INFO SparkContext: Created broadcast 21 from broadcast at DAGScheduler.scala:861
20/05/01 16:08:06 INFO DAGScheduler: Submitting 1 missing tasks from ResultStage 129 (MapPartitionsRDD[102] at map at VertexRDDImpl.scala:90)
20/05/01 16:08:06 INFO TaskSchedulerImpl: Adding task set 129.0 with 1 tasks
20/05/01 16:08:06 INFO TaskSetManager: Starting task 0.0 in stage 129.0 (TID 20, localhost, PROCESS_LOCAL, 2428 bytes)
20/05/01 16:08:06 INFO Executor: Running task 0.0 in stage 129.0 (TID 20)
20/05/01 16:08:06 INFO CacheManager: Partition rdd_100_0 not found, computing it
20/05/01 16:08:06 INFO BlockManager: Found block rdd_86_0 locally
20/05/01 16:08:06 INFO ShuffleBlockFetcherIterator: Getting 1 non-empty blocks out of 1 blocks
20/05/01 16:08:06 INFO ShuffleBlockFetcherIterator: Started 0 remote fetches in 0 ms
20/05/01 16:08:06 INFO MemoryStore: ensureFreeSpace(1624) called with curMem=350008, maxMem=555755765
20/05/01 16:08:06 INFO MemoryStore: Block rdd_100_0 stored as values in memory (estimated size 1624.0 B, free 529.7 MB)
20/05/01 16:08:06 INFO BlockManagerInfo: Added rdd_100_0 in memory on localhost:36117 (size: 1624.0 B, free: 529.9 MB)
20/05/01 16:08:06 INFO Executor: Finished task 0.0 in stage 129.0 (TID 20). 2957 bytes result sent to driver
20/05/01 16:08:06 INFO TaskSetManager: Finished task 0.0 in stage 129.0 (TID 20) in 11 ms on localhost (1/1)
20/05/01 16:08:06 INFO TaskSchedulerImpl: Removed TaskSet 129.0, whose tasks have all completed, from pool 
20/05/01 16:08:06 INFO DAGScheduler: ResultStage 129 (reduce at VertexRDDImpl.scala:90) finished in 0.017 s
20/05/01 16:08:06 INFO DAGScheduler: Job 4 finished: reduce at VertexRDDImpl.scala:90, took 0.146332 s
20/05/01 16:08:06 INFO Pregel: Pregel finished iteration 3
20/05/01 16:08:06 INFO ZippedPartitionsRDD2: Removing RDD 83 from persistence list
20/05/01 16:08:06 INFO ZippedPartitionsRDD2: Removing RDD 69 from persistence list
20/05/01 16:08:06 INFO BlockManager: Removing RDD 83
20/05/01 16:08:06 INFO ZippedPartitionsRDD2: Removing RDD 75 from persistence list
20/05/01 16:08:06 INFO BlockManager: Removing RDD 69
20/05/01 16:08:06 INFO BlockManager: Removing RDD 75
20/05/01 16:08:06 INFO SparkContext: Starting job: reduce at VertexRDDImpl.scala:90
20/05/01 16:08:06 INFO MapOutputTrackerMaster: Size of output statuses for shuffle 2 is 142 bytes
20/05/01 16:08:06 INFO MapOutputTrackerMaster: Size of output statuses for shuffle 3 is 142 bytes
20/05/01 16:08:06 INFO MapOutputTrackerMaster: Size of output statuses for shuffle 1 is 142 bytes
20/05/01 16:08:06 INFO MapOutputTrackerMaster: Size of output statuses for shuffle 0 is 142 bytes
20/05/01 16:08:06 INFO MapOutputTrackerMaster: Size of output statuses for shuffle 6 is 142 bytes
20/05/01 16:08:06 INFO MapOutputTrackerMaster: Size of output statuses for shuffle 5 is 142 bytes
20/05/01 16:08:06 INFO MapOutputTrackerMaster: Size of output statuses for shuffle 4 is 142 bytes
20/05/01 16:08:06 INFO MapOutputTrackerMaster: Size of output statuses for shuffle 9 is 142 bytes
20/05/01 16:08:06 INFO MapOutputTrackerMaster: Size of output statuses for shuffle 8 is 142 bytes
20/05/01 16:08:06 INFO MapOutputTrackerMaster: Size of output statuses for shuffle 7 is 142 bytes
20/05/01 16:08:06 INFO MapOutputTrackerMaster: Size of output statuses for shuffle 12 is 142 bytes
20/05/01 16:08:06 INFO MapOutputTrackerMaster: Size of output statuses for shuffle 11 is 142 bytes
20/05/01 16:08:06 INFO MapOutputTrackerMaster: Size of output statuses for shuffle 10 is 142 bytes
20/05/01 16:08:06 INFO MapOutputTrackerMaster: Size of output statuses for shuffle 15 is 142 bytes
20/05/01 16:08:06 INFO MapOutputTrackerMaster: Size of output statuses for shuffle 14 is 142 bytes
20/05/01 16:08:06 INFO MapOutputTrackerMaster: Size of output statuses for shuffle 13 is 142 bytes
20/05/01 16:08:06 INFO DAGScheduler: Registering RDD 107 (mapPartitions at VertexRDDImpl.scala:247)
20/05/01 16:08:06 INFO DAGScheduler: Registering RDD 111 (mapPartitions at VertexRDDImpl.scala:251)
20/05/01 16:08:06 INFO DAGScheduler: Registering RDD 115 (mapPartitions at GraphImpl.scala:235)
20/05/01 16:08:06 INFO DAGScheduler: Got job 5 (reduce at VertexRDDImpl.scala:90) with 1 output partitions
20/05/01 16:08:06 INFO DAGScheduler: Final stage: ResultStage 200(reduce at VertexRDDImpl.scala:90)
20/05/01 16:08:06 INFO DAGScheduler: Parents of final stage: List(ShuffleMapStage 197, ShuffleMapStage 187, ShuffleMapStage 191, ShuffleMapStage 195, ShuffleMapStage 189, ShuffleMapStage 199, ShuffleMapStage 193)
20/05/01 16:08:06 INFO DAGScheduler: Missing parents: List(ShuffleMapStage 199)
20/05/01 16:08:06 INFO DAGScheduler: Submitting ShuffleMapStage 181 (ReplicatedVertexView.updateVertices - shippedVerts true true (broadcast) MapPartitionsRDD[107] at mapPartitions at VertexRDDImpl.scala:247), which has no missing parents
20/05/01 16:08:06 INFO MemoryStore: ensureFreeSpace(7488) called with curMem=345608, maxMem=555755765
20/05/01 16:08:06 INFO MemoryStore: Block broadcast_22 stored as values in memory (estimated size 7.3 KB, free 529.7 MB)
20/05/01 16:08:06 INFO MemoryStore: ensureFreeSpace(3343) called with curMem=353096, maxMem=555755765
20/05/01 16:08:06 INFO MemoryStore: Block broadcast_22_piece0 stored as bytes in memory (estimated size 3.3 KB, free 529.7 MB)
20/05/01 16:08:06 INFO BlockManagerInfo: Added broadcast_22_piece0 in memory on localhost:36117 (size: 3.3 KB, free: 529.9 MB)
20/05/01 16:08:06 INFO SparkContext: Created broadcast 22 from broadcast at DAGScheduler.scala:861
20/05/01 16:08:06 INFO DAGScheduler: Submitting 1 missing tasks from ShuffleMapStage 181 (ReplicatedVertexView.updateVertices - shippedVerts true true (broadcast) MapPartitionsRDD[107] at mapPartitions at VertexRDDImpl.scala:247)
20/05/01 16:08:06 INFO TaskSchedulerImpl: Adding task set 181.0 with 1 tasks
20/05/01 16:08:06 INFO DAGScheduler: Submitting ShuffleMapStage 198 (ReplicatedVertexView.withActiveSet - shippedActives (broadcast) MapPartitionsRDD[111] at mapPartitions at VertexRDDImpl.scala:251), which has no missing parents
20/05/01 16:08:06 INFO TaskSetManager: Starting task 0.0 in stage 181.0 (TID 21, localhost, PROCESS_LOCAL, 2481 bytes)
20/05/01 16:08:06 INFO Executor: Running task 0.0 in stage 181.0 (TID 21)
20/05/01 16:08:06 INFO BlockManager: Found block rdd_86_0 locally
20/05/01 16:08:06 INFO CacheManager: Partition rdd_103_0 not found, computing it
20/05/01 16:08:06 INFO BlockManager: Found block rdd_86_0 locally
20/05/01 16:08:06 INFO BlockManager: Found block rdd_100_0 locally
20/05/01 16:08:06 INFO MemoryStore: ensureFreeSpace(1576) called with curMem=356439, maxMem=555755765
20/05/01 16:08:06 INFO MemoryStore: Block rdd_103_0 stored as values in memory (estimated size 1576.0 B, free 529.7 MB)
20/05/01 16:08:06 INFO BlockManagerInfo: Added rdd_103_0 in memory on localhost:36117 (size: 1576.0 B, free: 529.9 MB)
20/05/01 16:08:06 INFO MemoryStore: ensureFreeSpace(7136) called with curMem=358015, maxMem=555755765
20/05/01 16:08:06 INFO MemoryStore: Block broadcast_23 stored as values in memory (estimated size 7.0 KB, free 529.7 MB)
20/05/01 16:08:06 INFO Executor: Finished task 0.0 in stage 181.0 (TID 21). 2833 bytes result sent to driver
20/05/01 16:08:06 INFO TaskSetManager: Finished task 0.0 in stage 181.0 (TID 21) in 8 ms on localhost (1/1)
20/05/01 16:08:06 INFO TaskSchedulerImpl: Removed TaskSet 181.0, whose tasks have all completed, from pool 
20/05/01 16:08:06 INFO MemoryStore: ensureFreeSpace(3226) called with curMem=365151, maxMem=555755765
20/05/01 16:08:06 INFO MemoryStore: Block broadcast_23_piece0 stored as bytes in memory (estimated size 3.2 KB, free 529.7 MB)
20/05/01 16:08:06 INFO BlockManagerInfo: Added broadcast_23_piece0 in memory on localhost:36117 (size: 3.2 KB, free: 529.9 MB)
20/05/01 16:08:06 INFO SparkContext: Created broadcast 23 from broadcast at DAGScheduler.scala:861
20/05/01 16:08:06 INFO DAGScheduler: Submitting 1 missing tasks from ShuffleMapStage 198 (ReplicatedVertexView.withActiveSet - shippedActives (broadcast) MapPartitionsRDD[111] at mapPartitions at VertexRDDImpl.scala:251)
20/05/01 16:08:06 INFO TaskSchedulerImpl: Adding task set 198.0 with 1 tasks
20/05/01 16:08:06 INFO DAGScheduler: ShuffleMapStage 181 (mapPartitions at VertexRDDImpl.scala:247) finished in 0.015 s
20/05/01 16:08:06 INFO TaskSetManager: Starting task 0.0 in stage 198.0 (TID 22, localhost, PROCESS_LOCAL, 2417 bytes)
20/05/01 16:08:06 INFO Executor: Running task 0.0 in stage 198.0 (TID 22)
20/05/01 16:08:06 INFO BlockManager: Found block rdd_100_0 locally
20/05/01 16:08:06 INFO Executor: Finished task 0.0 in stage 198.0 (TID 22). 2253 bytes result sent to driver
20/05/01 16:08:06 INFO DAGScheduler: looking for newly runnable stages
20/05/01 16:08:06 INFO DAGScheduler: running: Set(ShuffleMapStage 198)
20/05/01 16:08:06 INFO DAGScheduler: waiting: Set(ShuffleMapStage 199, ResultStage 200)
20/05/01 16:08:06 INFO DAGScheduler: failed: Set()
20/05/01 16:08:06 INFO TaskSetManager: Finished task 0.0 in stage 198.0 (TID 22) in 6 ms on localhost (1/1)
20/05/01 16:08:06 INFO TaskSchedulerImpl: Removed TaskSet 198.0, whose tasks have all completed, from pool 
20/05/01 16:08:06 INFO DAGScheduler: Missing parents for ShuffleMapStage 199: List(ShuffleMapStage 198)
20/05/01 16:08:06 INFO DAGScheduler: Missing parents for ResultStage 200: List(ShuffleMapStage 199)
20/05/01 16:08:06 INFO DAGScheduler: ShuffleMapStage 198 (mapPartitions at VertexRDDImpl.scala:251) finished in 0.009 s
20/05/01 16:08:06 INFO DAGScheduler: looking for newly runnable stages
20/05/01 16:08:06 INFO DAGScheduler: running: Set()
20/05/01 16:08:06 INFO DAGScheduler: waiting: Set(ShuffleMapStage 199, ResultStage 200)
20/05/01 16:08:06 INFO DAGScheduler: failed: Set()
20/05/01 16:08:06 INFO DAGScheduler: Missing parents for ShuffleMapStage 199: List()
20/05/01 16:08:06 INFO DAGScheduler: Missing parents for ResultStage 200: List(ShuffleMapStage 199)
20/05/01 16:08:06 INFO DAGScheduler: Submitting ShuffleMapStage 199 (GraphImpl.aggregateMessages - preAgg MapPartitionsRDD[115] at mapPartitions at GraphImpl.scala:235), which is now runnable
20/05/01 16:08:06 INFO MemoryStore: ensureFreeSpace(8216) called with curMem=368377, maxMem=555755765
20/05/01 16:08:06 INFO MemoryStore: Block broadcast_24 stored as values in memory (estimated size 8.0 KB, free 529.7 MB)
20/05/01 16:08:06 INFO MemoryStore: ensureFreeSpace(3859) called with curMem=376593, maxMem=555755765
20/05/01 16:08:06 INFO MemoryStore: Block broadcast_24_piece0 stored as bytes in memory (estimated size 3.8 KB, free 529.6 MB)
20/05/01 16:08:06 INFO BlockManagerInfo: Added broadcast_24_piece0 in memory on localhost:36117 (size: 3.8 KB, free: 529.9 MB)
20/05/01 16:08:06 INFO SparkContext: Created broadcast 24 from broadcast at DAGScheduler.scala:861
20/05/01 16:08:06 INFO DAGScheduler: Submitting 1 missing tasks from ShuffleMapStage 199 (GraphImpl.aggregateMessages - preAgg MapPartitionsRDD[115] at mapPartitions at GraphImpl.scala:235)
20/05/01 16:08:06 INFO TaskSchedulerImpl: Adding task set 199.0 with 1 tasks
20/05/01 16:08:06 INFO TaskSetManager: Starting task 0.0 in stage 199.0 (TID 23, localhost, PROCESS_LOCAL, 2729 bytes)
20/05/01 16:08:06 INFO Executor: Running task 0.0 in stage 199.0 (TID 23)
20/05/01 16:08:06 INFO CacheManager: Partition rdd_109_0 not found, computing it
20/05/01 16:08:06 INFO BlockManager: Found block rdd_92_0 locally
20/05/01 16:08:06 INFO ShuffleBlockFetcherIterator: Getting 1 non-empty blocks out of 1 blocks
20/05/01 16:08:06 INFO ShuffleBlockFetcherIterator: Started 0 remote fetches in 0 ms
20/05/01 16:08:06 INFO MemoryStore: ensureFreeSpace(2824) called with curMem=380452, maxMem=555755765
20/05/01 16:08:06 INFO MemoryStore: Block rdd_109_0 stored as values in memory (estimated size 2.8 KB, free 529.6 MB)
20/05/01 16:08:06 INFO BlockManagerInfo: Added rdd_109_0 in memory on localhost:36117 (size: 2.8 KB, free: 529.9 MB)
20/05/01 16:08:06 INFO ShuffleBlockFetcherIterator: Getting 1 non-empty blocks out of 1 blocks
20/05/01 16:08:06 INFO ShuffleBlockFetcherIterator: Started 0 remote fetches in 0 ms
20/05/01 16:08:06 INFO Executor: Finished task 0.0 in stage 199.0 (TID 23). 3049 bytes result sent to driver
20/05/01 16:08:06 INFO TaskSetManager: Finished task 0.0 in stage 199.0 (TID 23) in 9 ms on localhost (1/1)
20/05/01 16:08:06 INFO TaskSchedulerImpl: Removed TaskSet 199.0, whose tasks have all completed, from pool 
20/05/01 16:08:06 INFO DAGScheduler: ShuffleMapStage 199 (mapPartitions at GraphImpl.scala:235) finished in 0.015 s
20/05/01 16:08:06 INFO DAGScheduler: looking for newly runnable stages
20/05/01 16:08:06 INFO DAGScheduler: running: Set()
20/05/01 16:08:06 INFO DAGScheduler: waiting: Set(ResultStage 200)
20/05/01 16:08:06 INFO DAGScheduler: failed: Set()
20/05/01 16:08:06 INFO DAGScheduler: Missing parents for ResultStage 200: List()
20/05/01 16:08:06 INFO DAGScheduler: Submitting ResultStage 200 (MapPartitionsRDD[119] at map at VertexRDDImpl.scala:90), which is now runnable
20/05/01 16:08:06 INFO MemoryStore: ensureFreeSpace(7808) called with curMem=383276, maxMem=555755765
20/05/01 16:08:06 INFO MemoryStore: Block broadcast_25 stored as values in memory (estimated size 7.6 KB, free 529.6 MB)
20/05/01 16:08:06 INFO MemoryStore: ensureFreeSpace(3399) called with curMem=391084, maxMem=555755765
20/05/01 16:08:06 INFO MemoryStore: Block broadcast_25_piece0 stored as bytes in memory (estimated size 3.3 KB, free 529.6 MB)
20/05/01 16:08:06 INFO BlockManagerInfo: Added broadcast_25_piece0 in memory on localhost:36117 (size: 3.3 KB, free: 529.9 MB)
20/05/01 16:08:06 INFO SparkContext: Created broadcast 25 from broadcast at DAGScheduler.scala:861
20/05/01 16:08:06 INFO DAGScheduler: Submitting 1 missing tasks from ResultStage 200 (MapPartitionsRDD[119] at map at VertexRDDImpl.scala:90)
20/05/01 16:08:06 INFO TaskSchedulerImpl: Adding task set 200.0 with 1 tasks
20/05/01 16:08:06 INFO TaskSetManager: Starting task 0.0 in stage 200.0 (TID 24, localhost, PROCESS_LOCAL, 2501 bytes)
20/05/01 16:08:06 INFO Executor: Running task 0.0 in stage 200.0 (TID 24)
20/05/01 16:08:06 INFO CacheManager: Partition rdd_117_0 not found, computing it
20/05/01 16:08:06 INFO BlockManager: Found block rdd_103_0 locally
20/05/01 16:08:06 INFO ShuffleBlockFetcherIterator: Getting 1 non-empty blocks out of 1 blocks
20/05/01 16:08:06 INFO ShuffleBlockFetcherIterator: Started 0 remote fetches in 0 ms
20/05/01 16:08:06 INFO MemoryStore: ensureFreeSpace(1624) called with curMem=394483, maxMem=555755765
20/05/01 16:08:06 INFO MemoryStore: Block rdd_117_0 stored as values in memory (estimated size 1624.0 B, free 529.6 MB)
20/05/01 16:08:06 INFO BlockManagerInfo: Added rdd_117_0 in memory on localhost:36117 (size: 1624.0 B, free: 529.9 MB)
20/05/01 16:08:06 INFO Executor: Finished task 0.0 in stage 200.0 (TID 24). 2957 bytes result sent to driver
20/05/01 16:08:06 INFO TaskSetManager: Finished task 0.0 in stage 200.0 (TID 24) in 7 ms on localhost (1/1)
20/05/01 16:08:06 INFO TaskSchedulerImpl: Removed TaskSet 200.0, whose tasks have all completed, from pool 
20/05/01 16:08:06 INFO DAGScheduler: ResultStage 200 (reduce at VertexRDDImpl.scala:90) finished in 0.004 s
20/05/01 16:08:06 INFO DAGScheduler: Job 5 finished: reduce at VertexRDDImpl.scala:90, took 0.117993 s
20/05/01 16:08:06 INFO Pregel: Pregel finished iteration 4
20/05/01 16:08:06 INFO ZippedPartitionsRDD2: Removing RDD 100 from persistence list
20/05/01 16:08:06 INFO ZippedPartitionsRDD2: Removing RDD 86 from persistence list
20/05/01 16:08:06 INFO ZippedPartitionsRDD2: Removing RDD 92 from persistence list
20/05/01 16:08:06 INFO BlockManager: Removing RDD 100
20/05/01 16:08:06 INFO BlockManager: Removing RDD 92
20/05/01 16:08:06 INFO BlockManager: Removing RDD 86
20/05/01 16:08:06 INFO SparkContext: Starting job: collect at Graph.scala:37
20/05/01 16:08:06 INFO MapOutputTrackerMaster: Size of output statuses for shuffle 2 is 142 bytes
20/05/01 16:08:06 INFO MapOutputTrackerMaster: Size of output statuses for shuffle 3 is 142 bytes
20/05/01 16:08:06 INFO MapOutputTrackerMaster: Size of output statuses for shuffle 1 is 142 bytes
20/05/01 16:08:06 INFO MapOutputTrackerMaster: Size of output statuses for shuffle 0 is 142 bytes
20/05/01 16:08:06 INFO MapOutputTrackerMaster: Size of output statuses for shuffle 6 is 142 bytes
20/05/01 16:08:06 INFO MapOutputTrackerMaster: Size of output statuses for shuffle 5 is 142 bytes
20/05/01 16:08:06 INFO MapOutputTrackerMaster: Size of output statuses for shuffle 4 is 142 bytes
20/05/01 16:08:06 INFO MapOutputTrackerMaster: Size of output statuses for shuffle 9 is 142 bytes
20/05/01 16:08:06 INFO MapOutputTrackerMaster: Size of output statuses for shuffle 8 is 142 bytes
20/05/01 16:08:06 INFO MapOutputTrackerMaster: Size of output statuses for shuffle 7 is 142 bytes
20/05/01 16:08:06 INFO MapOutputTrackerMaster: Size of output statuses for shuffle 12 is 142 bytes
20/05/01 16:08:06 INFO MapOutputTrackerMaster: Size of output statuses for shuffle 11 is 142 bytes
20/05/01 16:08:06 INFO MapOutputTrackerMaster: Size of output statuses for shuffle 10 is 142 bytes
20/05/01 16:08:06 INFO MapOutputTrackerMaster: Size of output statuses for shuffle 15 is 142 bytes
20/05/01 16:08:06 INFO MapOutputTrackerMaster: Size of output statuses for shuffle 14 is 142 bytes
20/05/01 16:08:06 INFO MapOutputTrackerMaster: Size of output statuses for shuffle 13 is 142 bytes
20/05/01 16:08:06 INFO DAGScheduler: Registering RDD 120 (map at Graph.scala:37)
20/05/01 16:08:06 INFO DAGScheduler: Registering RDD 121 (reduceByKey at Graph.scala:37)
20/05/01 16:08:06 INFO DAGScheduler: Got job 6 (collect at Graph.scala:37) with 1 output partitions
20/05/01 16:08:06 INFO DAGScheduler: Final stage: ResultStage 254(collect at Graph.scala:37)
20/05/01 16:08:06 INFO DAGScheduler: Parents of final stage: List(ShuffleMapStage 253)
20/05/01 16:08:06 INFO DAGScheduler: Missing parents: List(ShuffleMapStage 253)
20/05/01 16:08:06 INFO DAGScheduler: Submitting ShuffleMapStage 252 (MapPartitionsRDD[120] at map at Graph.scala:37), which has no missing parents
20/05/01 16:08:06 INFO MemoryStore: ensureFreeSpace(7640) called with curMem=390083, maxMem=555755765
20/05/01 16:08:06 INFO MemoryStore: Block broadcast_26 stored as values in memory (estimated size 7.5 KB, free 529.6 MB)
20/05/01 16:08:06 INFO MemoryStore: ensureFreeSpace(3447) called with curMem=397723, maxMem=555755765
20/05/01 16:08:06 INFO MemoryStore: Block broadcast_26_piece0 stored as bytes in memory (estimated size 3.4 KB, free 529.6 MB)
20/05/01 16:08:06 INFO BlockManagerInfo: Added broadcast_26_piece0 in memory on localhost:36117 (size: 3.4 KB, free: 529.9 MB)
20/05/01 16:08:06 INFO SparkContext: Created broadcast 26 from broadcast at DAGScheduler.scala:861
20/05/01 16:08:06 INFO DAGScheduler: Submitting 1 missing tasks from ShuffleMapStage 252 (MapPartitionsRDD[120] at map at Graph.scala:37)
20/05/01 16:08:06 INFO TaskSchedulerImpl: Adding task set 252.0 with 1 tasks
20/05/01 16:08:06 INFO TaskSetManager: Starting task 0.0 in stage 252.0 (TID 25, localhost, PROCESS_LOCAL, 2449 bytes)
20/05/01 16:08:06 INFO Executor: Running task 0.0 in stage 252.0 (TID 25)
20/05/01 16:08:06 INFO BlockManager: Found block rdd_103_0 locally
20/05/01 16:08:06 INFO Executor: Finished task 0.0 in stage 252.0 (TID 25). 2253 bytes result sent to driver
20/05/01 16:08:06 INFO TaskSetManager: Finished task 0.0 in stage 252.0 (TID 25) in 20 ms on localhost (1/1)
20/05/01 16:08:06 INFO TaskSchedulerImpl: Removed TaskSet 252.0, whose tasks have all completed, from pool 
20/05/01 16:08:06 INFO DAGScheduler: ShuffleMapStage 252 (map at Graph.scala:37) finished in 0.018 s
20/05/01 16:08:06 INFO DAGScheduler: looking for newly runnable stages
20/05/01 16:08:06 INFO DAGScheduler: running: Set()
20/05/01 16:08:06 INFO DAGScheduler: waiting: Set(ShuffleMapStage 253, ResultStage 254)
20/05/01 16:08:06 INFO DAGScheduler: failed: Set()
20/05/01 16:08:06 INFO DAGScheduler: Missing parents for ShuffleMapStage 253: List()
20/05/01 16:08:06 INFO DAGScheduler: Missing parents for ResultStage 254: List(ShuffleMapStage 253)
20/05/01 16:08:06 INFO DAGScheduler: Submitting ShuffleMapStage 253 (ShuffledRDD[121] at reduceByKey at Graph.scala:37), which is now runnable
20/05/01 16:08:06 INFO MemoryStore: ensureFreeSpace(2656) called with curMem=401170, maxMem=555755765
20/05/01 16:08:06 INFO MemoryStore: Block broadcast_27 stored as values in memory (estimated size 2.6 KB, free 529.6 MB)
20/05/01 16:08:06 INFO MemoryStore: ensureFreeSpace(1612) called with curMem=403826, maxMem=555755765
20/05/01 16:08:06 INFO MemoryStore: Block broadcast_27_piece0 stored as bytes in memory (estimated size 1612.0 B, free 529.6 MB)
20/05/01 16:08:06 INFO BlockManagerInfo: Added broadcast_27_piece0 in memory on localhost:36117 (size: 1612.0 B, free: 529.9 MB)
20/05/01 16:08:06 INFO SparkContext: Created broadcast 27 from broadcast at DAGScheduler.scala:861
20/05/01 16:08:06 INFO DAGScheduler: Submitting 1 missing tasks from ShuffleMapStage 253 (ShuffledRDD[121] at reduceByKey at Graph.scala:37)
20/05/01 16:08:06 INFO TaskSchedulerImpl: Adding task set 253.0 with 1 tasks
20/05/01 16:08:06 INFO TaskSetManager: Starting task 0.0 in stage 253.0 (TID 26, localhost, PROCESS_LOCAL, 1942 bytes)
20/05/01 16:08:06 INFO Executor: Running task 0.0 in stage 253.0 (TID 26)
20/05/01 16:08:06 INFO ShuffleBlockFetcherIterator: Getting 1 non-empty blocks out of 1 blocks
20/05/01 16:08:06 INFO ShuffleBlockFetcherIterator: Started 0 remote fetches in 0 ms
20/05/01 16:08:06 INFO Executor: Finished task 0.0 in stage 253.0 (TID 26). 1374 bytes result sent to driver
20/05/01 16:08:06 INFO TaskSetManager: Finished task 0.0 in stage 253.0 (TID 26) in 12 ms on localhost (1/1)
20/05/01 16:08:06 INFO DAGScheduler: ShuffleMapStage 253 (reduceByKey at Graph.scala:37) finished in 0.012 s
20/05/01 16:08:06 INFO TaskSchedulerImpl: Removed TaskSet 253.0, whose tasks have all completed, from pool 
20/05/01 16:08:06 INFO DAGScheduler: looking for newly runnable stages
20/05/01 16:08:06 INFO DAGScheduler: running: Set()
20/05/01 16:08:06 INFO DAGScheduler: waiting: Set(ResultStage 254)
20/05/01 16:08:06 INFO DAGScheduler: failed: Set()
20/05/01 16:08:06 INFO DAGScheduler: Missing parents for ResultStage 254: List()
20/05/01 16:08:06 INFO DAGScheduler: Submitting ResultStage 254 (ShuffledRDD[122] at sortByKey at Graph.scala:37), which is now runnable
20/05/01 16:08:06 INFO MemoryStore: ensureFreeSpace(2560) called with curMem=405438, maxMem=555755765
20/05/01 16:08:06 INFO MemoryStore: Block broadcast_28 stored as values in memory (estimated size 2.5 KB, free 529.6 MB)
20/05/01 16:08:06 INFO MemoryStore: ensureFreeSpace(1512) called with curMem=407998, maxMem=555755765
20/05/01 16:08:06 INFO MemoryStore: Block broadcast_28_piece0 stored as bytes in memory (estimated size 1512.0 B, free 529.6 MB)
20/05/01 16:08:06 INFO BlockManagerInfo: Added broadcast_28_piece0 in memory on localhost:36117 (size: 1512.0 B, free: 529.9 MB)
20/05/01 16:08:06 INFO SparkContext: Created broadcast 28 from broadcast at DAGScheduler.scala:861
20/05/01 16:08:06 INFO DAGScheduler: Submitting 1 missing tasks from ResultStage 254 (ShuffledRDD[122] at sortByKey at Graph.scala:37)
20/05/01 16:08:06 INFO TaskSchedulerImpl: Adding task set 254.0 with 1 tasks
20/05/01 16:08:06 INFO TaskSetManager: Starting task 0.0 in stage 254.0 (TID 27, localhost, PROCESS_LOCAL, 1953 bytes)
20/05/01 16:08:06 INFO Executor: Running task 0.0 in stage 254.0 (TID 27)
20/05/01 16:08:06 INFO ShuffleBlockFetcherIterator: Getting 1 non-empty blocks out of 1 blocks
20/05/01 16:08:06 INFO ShuffleBlockFetcherIterator: Started 0 remote fetches in 0 ms
20/05/01 16:08:06 INFO Executor: Finished task 0.0 in stage 254.0 (TID 27). 1387 bytes result sent to driver
20/05/01 16:08:06 INFO TaskSetManager: Finished task 0.0 in stage 254.0 (TID 27) in 10 ms on localhost (1/1)
20/05/01 16:08:06 INFO TaskSchedulerImpl: Removed TaskSet 254.0, whose tasks have all completed, from pool 
20/05/01 16:08:06 INFO DAGScheduler: ResultStage 254 (collect at Graph.scala:37) finished in 0.010 s
20/05/01 16:08:06 INFO DAGScheduler: Job 6 finished: collect at Graph.scala:37, took 0.098850 s
0 3
1 7
20/05/01 16:08:06 INFO SparkContext: Invoking stop() from shutdown hook
20/05/01 16:08:07 INFO BlockManagerInfo: Removed broadcast_20_piece0 on localhost:36117 in memory (size: 3.7 KB, free: 529.9 MB)
20/05/01 16:08:07 INFO BlockManagerInfo: Removed broadcast_3_piece0 on localhost:36117 in memory (size: 2.4 KB, free: 529.9 MB)
20/05/01 16:08:07 INFO ContextCleaner: Cleaned accumulator 3
20/05/01 16:08:07 INFO BlockManagerInfo: Removed broadcast_2_piece0 on localhost:36117 in memory (size: 2.6 KB, free: 529.9 MB)
20/05/01 16:08:07 INFO ContextCleaner: Cleaned accumulator 2
20/05/01 16:08:07 INFO BlockManagerInfo: Removed broadcast_1_piece0 on localhost:36117 in memory (size: 2.5 KB, free: 529.9 MB)
20/05/01 16:08:07 INFO ContextCleaner: Cleaned accumulator 1
20/05/01 16:08:07 INFO BlockManagerInfo: Removed broadcast_28_piece0 on localhost:36117 in memory (size: 1512.0 B, free: 529.9 MB)
20/05/01 16:08:07 INFO ContextCleaner: Cleaned accumulator 28
20/05/01 16:08:07 INFO BlockManagerInfo: Removed broadcast_27_piece0 on localhost:36117 in memory (size: 1612.0 B, free: 529.9 MB)
20/05/01 16:08:07 INFO ContextCleaner: Cleaned accumulator 27
20/05/01 16:08:07 INFO BlockManagerInfo: Removed broadcast_26_piece0 on localhost:36117 in memory (size: 3.4 KB, free: 529.9 MB)
20/05/01 16:08:07 INFO ContextCleaner: Cleaned accumulator 26
20/05/01 16:08:07 INFO ContextCleaner: Cleaned shuffle 20
20/05/01 16:08:07 INFO ContextCleaner: Cleaned shuffle 19
20/05/01 16:08:07 INFO BlockManagerInfo: Removed broadcast_25_piece0 on localhost:36117 in memory (size: 3.3 KB, free: 529.9 MB)
20/05/01 16:08:07 INFO ContextCleaner: Cleaned accumulator 25
20/05/01 16:08:07 INFO BlockManagerInfo: Removed broadcast_24_piece0 on localhost:36117 in memory (size: 3.8 KB, free: 529.9 MB)
20/05/01 16:08:07 INFO ContextCleaner: Cleaned accumulator 24
20/05/01 16:08:07 INFO BlockManagerInfo: Removed broadcast_23_piece0 on localhost:36117 in memory (size: 3.2 KB, free: 529.9 MB)
20/05/01 16:08:07 INFO ContextCleaner: Cleaned accumulator 23
20/05/01 16:08:07 INFO BlockManagerInfo: Removed broadcast_22_piece0 on localhost:36117 in memory (size: 3.3 KB, free: 529.9 MB)
20/05/01 16:08:07 INFO ContextCleaner: Cleaned accumulator 22
20/05/01 16:08:07 INFO ContextCleaner: Cleaned shuffle 18
20/05/01 16:08:07 INFO ContextCleaner: Cleaned shuffle 17
20/05/01 16:08:07 INFO ContextCleaner: Cleaned shuffle 16
20/05/01 16:08:07 INFO BlockManager: Removing RDD 117
20/05/01 16:08:07 INFO ContextCleaner: Cleaned RDD 117
20/05/01 16:08:07 INFO BlockManager: Removing RDD 109
20/05/01 16:08:07 INFO ContextCleaner: Cleaned RDD 109
20/05/01 16:08:07 INFO BlockManager: Removing RDD 103
20/05/01 16:08:07 INFO ContextCleaner: Cleaned RDD 103
20/05/01 16:08:07 INFO BlockManagerInfo: Removed broadcast_21_piece0 on localhost:36117 in memory (size: 3.2 KB, free: 529.9 MB)
20/05/01 16:08:07 INFO ContextCleaner: Cleaned accumulator 21
20/05/01 16:08:07 INFO ContextCleaner: Cleaned accumulator 20
20/05/01 16:08:07 INFO BlockManagerInfo: Removed broadcast_19_piece0 on localhost:36117 in memory (size: 3.1 KB, free: 529.9 MB)
20/05/01 16:08:07 INFO ContextCleaner: Cleaned accumulator 19
20/05/01 16:08:07 INFO BlockManagerInfo: Removed broadcast_18_piece0 on localhost:36117 in memory (size: 3.2 KB, free: 529.9 MB)
20/05/01 16:08:07 INFO ContextCleaner: Cleaned accumulator 18
20/05/01 16:08:07 INFO ContextCleaner: Cleaned shuffle 15
20/05/01 16:08:07 INFO ContextCleaner: Cleaned shuffle 14
20/05/01 16:08:07 INFO SparkUI: Stopped Spark web UI at http://198.202.114.22:4040
20/05/01 16:08:07 INFO ContextCleaner: Cleaned shuffle 13
20/05/01 16:08:07 INFO BlockManager: Removing RDD 100
20/05/01 16:08:07 INFO ContextCleaner: Cleaned RDD 100
20/05/01 16:08:07 INFO BlockManager: Removing RDD 92
20/05/01 16:08:07 INFO ContextCleaner: Cleaned RDD 92
20/05/01 16:08:07 INFO DAGScheduler: Stopping DAGScheduler
20/05/01 16:08:07 INFO MapOutputTrackerMasterEndpoint: MapOutputTrackerMasterEndpoint stopped!
20/05/01 16:08:07 INFO MemoryStore: MemoryStore cleared
20/05/01 16:08:07 INFO BlockManager: BlockManager stopped
20/05/01 16:08:07 INFO BlockManagerMaster: BlockManagerMaster stopped
20/05/01 16:08:07 INFO SparkContext: Successfully stopped SparkContext
20/05/01 16:08:07 INFO ShutdownHookManager: Shutdown hook called
20/05/01 16:08:07 INFO ShutdownHookManager: Deleting directory /tmp/spark-2a91af1a-f682-495b-a7d2-1db7394ecdb7
20/05/01 16:08:07 INFO OutputCommitCoordinator$OutputCommitCoordinatorEndpoint: OutputCommitCoordinator stopped!
20/05/01 16:08:07 INFO RemoteActorRefProvider$RemotingTerminator: Shutting down remote daemon.
20/05/01 16:08:07 INFO RemoteActorRefProvider$RemotingTerminator: Remote daemon shut down; proceeding with flushing remote transports.
